[ 2018-08-28T16:06:22+08:00 ] 127.0.0.1 /company
ERR: Think\Controller:_initialize方法不存在！

[ 2018-08-28T16:18:18+08:00 ] 127.0.0.1 /index.php?g=Company&m=Public&a=dologin
INFO: [ app_begin ] --START--
INFO: Run Behavior\ReadHtmlCacheBehavior [ RunTime:0.001000s ]
INFO: Run Behavior\CheckLangBehavior [ RunTime:0.002000s ]
INFO: [ app_begin ] --END-- [ RunTime:0.003000s ]

[ 2018-08-28T16:18:21+08:00 ] 127.0.0.1 /index.php?g=Company&m=Public&a=dologin
INFO: [ app_begin ] --START--
INFO: Run Behavior\ReadHtmlCacheBehavior [ RunTime:0.001000s ]
INFO: Run Behavior\CheckLangBehavior [ RunTime:0.001000s ]
INFO: [ app_begin ] --END-- [ RunTime:0.003000s ]

[ 2018-08-28T16:20:13+08:00 ] 127.0.0.1 /index.php?g=Company&m=Public&a=dologin
INFO: [ app_begin ] --START--
INFO: Run Behavior\ReadHtmlCacheBehavior [ RunTime:0.002000s ]
INFO: Run Behavior\CheckLangBehavior [ RunTime:0.003000s ]
INFO: [ app_begin ] --END-- [ RunTime:0.006000s ]

[ 2018-08-28T16:20:18+08:00 ] 127.0.0.1 /index.php?g=Company&m=Public&a=dologin
INFO: [ app_begin ] --START--
INFO: Run Behavior\ReadHtmlCacheBehavior [ RunTime:0.002000s ]
INFO: Run Behavior\CheckLangBehavior [ RunTime:0.003000s ]
INFO: [ app_begin ] --END-- [ RunTime:0.005000s ]

[ 2018-08-28T16:20:26+08:00 ] 127.0.0.1 /index.php?g=Company&m=Public&a=dologin
INFO: [ app_begin ] --START--
INFO: Run Behavior\ReadHtmlCacheBehavior [ RunTime:0.001000s ]
INFO: Run Behavior\CheckLangBehavior [ RunTime:0.002000s ]
INFO: [ app_begin ] --END-- [ RunTime:0.004000s ]
SQL: SHOW COLUMNS FROM `ehecd_company` [ RunTime:0.0100s ]
SQL: SELECT * FROM `ehecd_company` WHERE `userlogin` = 'zhangsan023' LIMIT 1   [ RunTime:0.0000s ]

[ 2018-08-28T16:23:03+08:00 ] 127.0.0.1 /index.php?g=Company&m=Public&a=dologin
INFO: [ app_begin ] --START--
INFO: Run Behavior\ReadHtmlCacheBehavior [ RunTime:0.000000s ]
INFO: Run Behavior\CheckLangBehavior [ RunTime:0.002000s ]
INFO: [ app_begin ] --END-- [ RunTime:0.003000s ]

[ 2018-08-28T16:23:11+08:00 ] 127.0.0.1 /index.php?g=Company&m=Public&a=dologin
INFO: [ app_begin ] --START--
INFO: Run Behavior\ReadHtmlCacheBehavior [ RunTime:0.003000s ]
INFO: Run Behavior\CheckLangBehavior [ RunTime:0.001000s ]
INFO: [ app_begin ] --END-- [ RunTime:0.004000s ]

[ 2018-08-28T16:23:21+08:00 ] 127.0.0.1 /index.php?g=Company&m=Public&a=dologin
INFO: [ app_begin ] --START--
INFO: Run Behavior\ReadHtmlCacheBehavior [ RunTime:0.000000s ]
INFO: Run Behavior\CheckLangBehavior [ RunTime:0.002000s ]
INFO: [ app_begin ] --END-- [ RunTime:0.003000s ]
SQL: SHOW COLUMNS FROM `ehecd_company` [ RunTime:0.0070s ]
SQL: SELECT * FROM `ehecd_company` WHERE `userlogin` = 'zhangsan023' LIMIT 1   [ RunTime:0.0000s ]

[ 2018-08-28T16:25:13+08:00 ] 127.0.0.1 /index.php?g=Company&m=Public&a=dologin
INFO: [ app_begin ] --START--
INFO: Run Behavior\ReadHtmlCacheBehavior [ RunTime:0.002000s ]
INFO: Run Behavior\CheckLangBehavior [ RunTime:0.001000s ]
INFO: [ app_begin ] --END-- [ RunTime:0.004000s ]
SQL: SHOW COLUMNS FROM `ehecd_company` [ RunTime:0.0080s ]
SQL: SELECT * FROM `ehecd_company` WHERE `userlogin` = 'zhangsan023' LIMIT 1   [ RunTime:0.0020s ]
ERR: 1054:Unknown column 'last_login_time' in 'field list'
 [ SQL语句 ] : UPDATE `ehecd_company` SET `userlogin`='zhangsan023',`userpass`='###fb947d45f98c36457dc549b68ac42',`companyname`='番茄科技',`linkname`='李萌',`mobile`='18695566623',`status`='0',`last_login_ip`='127.0.0.1',`last_login_time`='0000-00-00 00:00:00',`createtime`='1535017944' WHERE `id` = 2
ERR: 1054:Unknown column 'last_login_time' in 'field list'
 [ SQL语句 ] : UPDATE `ehecd_company` SET `userlogin`='zhangsan023',`userpass`='###fb947d45f98c36457dc549b68ac42',`companyname`='番茄科技',`linkname`='李萌',`mobile`='18695566623',`status`='0',`last_login_ip`='127.0.0.1',`last_login_time`='0000-00-00 00:00:00',`createtime`='1535017944' WHERE `id` = 2

[ 2018-08-28T16:25:15+08:00 ] 127.0.0.1 /index.php?g=Company&m=Public&a=dologin
INFO: [ app_begin ] --START--
INFO: Run Behavior\ReadHtmlCacheBehavior [ RunTime:0.001000s ]
INFO: Run Behavior\CheckLangBehavior [ RunTime:0.001000s ]
INFO: [ app_begin ] --END-- [ RunTime:0.004000s ]

[ 2018-08-28T16:25:18+08:00 ] 127.0.0.1 /index.php?g=Company&m=Public&a=dologin
INFO: [ app_begin ] --START--
INFO: Run Behavior\ReadHtmlCacheBehavior [ RunTime:0.001000s ]
INFO: Run Behavior\CheckLangBehavior [ RunTime:0.003000s ]
INFO: [ app_begin ] --END-- [ RunTime:0.005000s ]

[ 2018-08-28T16:25:33+08:00 ] 127.0.0.1 /index.php?g=Company&m=Public&a=dologin
INFO: [ app_begin ] --START--
INFO: Run Behavior\ReadHtmlCacheBehavior [ RunTime:0.001000s ]
INFO: Run Behavior\CheckLangBehavior [ RunTime:0.003000s ]
INFO: [ app_begin ] --END-- [ RunTime:0.004000s ]
SQL: SHOW COLUMNS FROM `ehecd_company` [ RunTime:0.0070s ]
SQL: SELECT * FROM `ehecd_company` WHERE `userlogin` = 'zhangsan023' LIMIT 1   [ RunTime:0.0000s ]
ERR: 1054:Unknown column 'last_login_time' in 'field list'
 [ SQL语句 ] : UPDATE `ehecd_company` SET `userlogin`='zhangsan023',`userpass`='###fb947d45f98c36457dc549b68ac42',`companyname`='番茄科技',`linkname`='李萌',`mobile`='18695566623',`status`='0',`last_login_ip`='127.0.0.1',`last_login_time`='0000-00-00 00:00:00',`createtime`='1535017944' WHERE `id` = 2
ERR: 1054:Unknown column 'last_login_time' in 'field list'
 [ SQL语句 ] : UPDATE `ehecd_company` SET `userlogin`='zhangsan023',`userpass`='###fb947d45f98c36457dc549b68ac42',`companyname`='番茄科技',`linkname`='李萌',`mobile`='18695566623',`status`='0',`last_login_ip`='127.0.0.1',`last_login_time`='0000-00-00 00:00:00',`createtime`='1535017944' WHERE `id` = 2

[ 2018-08-28T16:27:28+08:00 ] 127.0.0.1 /index.php?g=Company&m=Public&a=dologin
INFO: [ app_begin ] --START--
INFO: Run Behavior\ReadHtmlCacheBehavior [ RunTime:0.000000s ]
INFO: Run Behavior\CheckLangBehavior [ RunTime:0.001000s ]
INFO: [ app_begin ] --END-- [ RunTime:0.003000s ]

[ 2018-08-28T16:27:41+08:00 ] 127.0.0.1 /index.php?g=Company&m=Public&a=dologin
INFO: [ app_begin ] --START--
INFO: Run Behavior\ReadHtmlCacheBehavior [ RunTime:0.001000s ]
INFO: Run Behavior\CheckLangBehavior [ RunTime:0.001000s ]
INFO: [ app_begin ] --END-- [ RunTime:0.003000s ]
SQL: SHOW COLUMNS FROM `ehecd_company` [ RunTime:0.0070s ]
SQL: SELECT * FROM `ehecd_company` WHERE `userlogin` = 'zhangsan023' LIMIT 1   [ RunTime:0.0010s ]
ERR: 1054:Unknown column 'last_login_time' in 'field list'
 [ SQL语句 ] : UPDATE `ehecd_company` SET `userlogin`='zhangsan023',`userpass`='###fb947d45f98c36457dc549b68ac42',`companyname`='番茄科技',`linkname`='李萌',`mobile`='18695566623',`status`='0',`last_login_ip`='127.0.0.1',`last_login_time`='0000-00-00 00:00:00',`createtime`='1535017944' WHERE `id` = 2
ERR: 1054:Unknown column 'last_login_time' in 'field list'
 [ SQL语句 ] : UPDATE `ehecd_company` SET `userlogin`='zhangsan023',`userpass`='###fb947d45f98c36457dc549b68ac42',`companyname`='番茄科技',`linkname`='李萌',`mobile`='18695566623',`status`='0',`last_login_ip`='127.0.0.1',`last_login_time`='0000-00-00 00:00:00',`createtime`='1535017944' WHERE `id` = 2

[ 2018-08-28T16:28:41+08:00 ] 127.0.0.1 /index.php?g=Company&m=Public&a=dologin
INFO: [ app_begin ] --START--
INFO: Run Behavior\ReadHtmlCacheBehavior [ RunTime:0.001000s ]
INFO: Run Behavior\CheckLangBehavior [ RunTime:0.001000s ]
INFO: [ app_begin ] --END-- [ RunTime:0.003000s ]

[ 2018-08-28T16:28:51+08:00 ] 127.0.0.1 /index.php?g=Company&m=Public&a=dologin
INFO: [ app_begin ] --START--
INFO: Run Behavior\ReadHtmlCacheBehavior [ RunTime:0.001000s ]
INFO: Run Behavior\CheckLangBehavior [ RunTime:0.002000s ]
INFO: [ app_begin ] --END-- [ RunTime:0.004000s ]
SQL: SHOW COLUMNS FROM `ehecd_company` [ RunTime:0.0080s ]
SQL: SELECT * FROM `ehecd_company` WHERE `userlogin` = 'zhangsan023' LIMIT 1   [ RunTime:0.0000s ]
SQL: UPDATE `ehecd_company` SET `userlogin`='zhangsan023',`userpass`='###fb947d45f98c36457dc549b68ac42',`companyname`='番茄科技',`linkname`='李萌',`mobile`='18695566623',`status`='0',`last_login_ip`='127.0.0.1',`last_login_time`='2018-08-28 16:28:51',`createtime`='1535017944' WHERE `id` = 2 [ RunTime:0.0350s ]

[ 2018-08-28T16:33:17+08:00 ] 127.0.0.1 /index.php?g=Company&m=Main&a=index
ERR: 无法加载控制器:Main

[ 2018-08-28T16:33:54+08:00 ] 127.0.0.1 /index.php?g=Company&m=Main&a=index
ERR: 无法加载控制器:Main

[ 2018-08-28T16:34:26+08:00 ] 127.0.0.1 /index.php?g=Company&m=Main&a=index
ERR: 无法加载控制器:Main

[ 2018-08-28T16:34:26+08:00 ] 127.0.0.1 /index.php?g=Company&m=Main&a=index
ERR: 无法加载控制器:Main

[ 2018-08-28T16:34:27+08:00 ] 127.0.0.1 /index.php?g=Company&m=Main&a=index
ERR: 无法加载控制器:Main

[ 2018-08-28T16:34:27+08:00 ] 127.0.0.1 /index.php?g=Company&m=Main&a=index
ERR: 无法加载控制器:Main

[ 2018-08-28T16:34:27+08:00 ] 127.0.0.1 /index.php?g=Company&m=Main&a=index
ERR: 无法加载控制器:Main

[ 2018-08-28T16:34:27+08:00 ] 127.0.0.1 /index.php?g=Company&m=Main&a=index
ERR: 无法加载控制器:Main

[ 2018-08-28T16:34:27+08:00 ] 127.0.0.1 /index.php?g=Company&m=Main&a=index
ERR: 无法加载控制器:Main

[ 2018-08-28T16:34:28+08:00 ] 127.0.0.1 /index.php?g=Company&m=Main&a=index
ERR: 无法加载控制器:Main

[ 2018-08-28T16:34:53+08:00 ] 127.0.0.1 /index.php?g=Company&m=Main&a=index
ERR: 无法加载控制器:Main

[ 2018-08-28T16:35:36+08:00 ] 127.0.0.1 /index.php?g=Company&m=Main&a=index
ERR: 无法加载控制器:Main

[ 2018-08-28T16:35:37+08:00 ] 127.0.0.1 /index.php?g=Company&m=Main&a=index
ERR: 无法加载控制器:Main

[ 2018-08-28T16:36:19+08:00 ] 127.0.0.1 /index.php?g=Company&m=Main&a=index
ERR: 无法加载控制器:Main

[ 2018-08-28T16:36:56+08:00 ] 127.0.0.1 /index.php?g=Company&m=Main&a=index
ERR: 无法加载控制器:Main

[ 2018-08-28T16:36:57+08:00 ] 127.0.0.1 /index.php?g=Company&m=Main&a=index
ERR: 无法加载控制器:Main

[ 2018-08-28T16:36:58+08:00 ] 127.0.0.1 /index.php?g=Company&m=Main&a=index
ERR: 无法加载控制器:Main

[ 2018-08-28T16:36:58+08:00 ] 127.0.0.1 /index.php?g=Company&m=Main&a=index
ERR: 无法加载控制器:Main

[ 2018-08-28T16:36:58+08:00 ] 127.0.0.1 /index.php?g=Company&m=Main&a=index
ERR: 无法加载控制器:Main

[ 2018-08-28T17:00:37+08:00 ] 127.0.0.1 /index.php?g=Company&m=Public&a=dologin
INFO: [ app_begin ] --START--
INFO: Run Behavior\ReadHtmlCacheBehavior [ RunTime:0.000000s ]
INFO: Run Behavior\CheckLangBehavior [ RunTime:0.002000s ]
INFO: [ app_begin ] --END-- [ RunTime:0.003000s ]
SQL: SHOW COLUMNS FROM `ehecd_company` [ RunTime:0.0060s ]
SQL: SELECT * FROM `ehecd_company` WHERE `userlogin` = 'zhangsan023' LIMIT 1   [ RunTime:0.0010s ]
SQL: UPDATE `ehecd_company` SET `userlogin`='zhangsan023',`userpass`='###fb947d45f98c36457dc549b68ac42',`companyname`='番茄科技',`linkname`='李萌',`mobile`='18695566623',`status`='0',`last_login_ip`='127.0.0.1',`last_login_time`='2018-08-28 17:00:37',`createtime`='1535017944' WHERE `id` = 2 [ RunTime:0.0270s ]

[ 2018-08-28T17:09:25+08:00 ] 127.0.0.1 /index.php?g=Company&m=Report&a=index&menuid=8756
ERR: Think\Controller:page方法不存在！

[ 2018-08-28T17:10:26+08:00 ] 127.0.0.1 /index.php?g=Company&m=Report&a=index&menuid=8756
ERR: 模板不存在:D:\phpStudy\WWW\dazhongjiankang/application/Company/View/Report/index.html

[ 2018-08-28T17:10:55+08:00 ] 127.0.0.1 /index.php?g=Company&m=Report&a=index&menuid=8756
ERR: 模板不存在:D:\phpStudy\WWW\dazhongjiankang/application/Company/View/Report/index.html

[ 2018-08-28T17:26:29+08:00 ] 127.0.0.1 /index.php?g=Company&m=Report&a=delete
INFO: [ app_begin ] --START--
INFO: Run Behavior\ReadHtmlCacheBehavior [ RunTime:0.000000s ]
INFO: Run Behavior\CheckLangBehavior [ RunTime:0.001000s ]
INFO: [ app_begin ] --END-- [ RunTime:0.002000s ]
SQL: SHOW COLUMNS FROM `ehecd_company` [ RunTime:0.0060s ]
SQL: SELECT * FROM `ehecd_company` WHERE ( id=2 ) LIMIT 1   [ RunTime:0.0000s ]
SQL: SHOW COLUMNS FROM `ehecd_report` [ RunTime:0.0070s ]
SQL: SELECT * FROM `ehecd_report` WHERE `id` = 11 LIMIT 1   [ RunTime:0.0000s ]
SQL: DELETE FROM `ehecd_report` WHERE ( id='11' ) [ RunTime:0.0360s ]

[ 2018-08-28T17:26:32+08:00 ] 127.0.0.1 /index.php?g=Company&m=Report&a=delete
INFO: [ app_begin ] --START--
INFO: Run Behavior\ReadHtmlCacheBehavior [ RunTime:0.001000s ]
INFO: Run Behavior\CheckLangBehavior [ RunTime:0.001000s ]
INFO: [ app_begin ] --END-- [ RunTime:0.002000s ]
SQL: SHOW COLUMNS FROM `ehecd_company` [ RunTime:0.0090s ]
SQL: SELECT * FROM `ehecd_company` WHERE ( id=2 ) LIMIT 1   [ RunTime:0.0010s ]
SQL: SHOW COLUMNS FROM `ehecd_report` [ RunTime:0.0070s ]
SQL: SELECT * FROM `ehecd_report` WHERE `id` = 12 LIMIT 1   [ RunTime:0.0010s ]
SQL: DELETE FROM `ehecd_report` WHERE ( id='12' ) [ RunTime:0.1210s ]

[ 2018-08-28T17:26:34+08:00 ] 127.0.0.1 /index.php?g=Company&m=Report&a=delete
INFO: [ app_begin ] --START--
INFO: Run Behavior\ReadHtmlCacheBehavior [ RunTime:0.001000s ]
INFO: Run Behavior\CheckLangBehavior [ RunTime:0.001000s ]
INFO: [ app_begin ] --END-- [ RunTime:0.002000s ]
SQL: SHOW COLUMNS FROM `ehecd_company` [ RunTime:0.0110s ]
SQL: SELECT * FROM `ehecd_company` WHERE ( id=2 ) LIMIT 1   [ RunTime:0.0000s ]
SQL: SHOW COLUMNS FROM `ehecd_report` [ RunTime:0.0080s ]
SQL: SELECT * FROM `ehecd_report` WHERE `id` = 14 LIMIT 1   [ RunTime:0.0010s ]
SQL: DELETE FROM `ehecd_report` WHERE ( id='14' ) [ RunTime:0.0410s ]

[ 2018-08-28T17:26:39+08:00 ] 127.0.0.1 /index.php?g=Company&m=Report&a=delete
INFO: [ app_begin ] --START--
INFO: Run Behavior\ReadHtmlCacheBehavior [ RunTime:0.001000s ]
INFO: Run Behavior\CheckLangBehavior [ RunTime:0.001000s ]
INFO: [ app_begin ] --END-- [ RunTime:0.003000s ]
SQL: SHOW COLUMNS FROM `ehecd_company` [ RunTime:0.0080s ]
SQL: SELECT * FROM `ehecd_company` WHERE ( id=2 ) LIMIT 1   [ RunTime:0.0000s ]
SQL: SHOW COLUMNS FROM `ehecd_report` [ RunTime:0.0110s ]
SQL: SELECT * FROM `ehecd_report` WHERE `id` = 13 LIMIT 1   [ RunTime:0.0010s ]
SQL: DELETE FROM `ehecd_report` WHERE ( id='13' ) [ RunTime:0.0250s ]

[ 2018-08-28T17:26:41+08:00 ] 127.0.0.1 /index.php?g=Company&m=Report&a=delete
INFO: [ app_begin ] --START--
INFO: Run Behavior\ReadHtmlCacheBehavior [ RunTime:0.000000s ]
INFO: Run Behavior\CheckLangBehavior [ RunTime:0.001000s ]
INFO: [ app_begin ] --END-- [ RunTime:0.002000s ]
SQL: SHOW COLUMNS FROM `ehecd_company` [ RunTime:0.0120s ]
SQL: SELECT * FROM `ehecd_company` WHERE ( id=2 ) LIMIT 1   [ RunTime:0.0010s ]
SQL: SHOW COLUMNS FROM `ehecd_report` [ RunTime:0.0100s ]
SQL: SELECT * FROM `ehecd_report` WHERE `id` = 15 LIMIT 1   [ RunTime:0.0000s ]
SQL: DELETE FROM `ehecd_report` WHERE ( id='15' ) [ RunTime:0.0450s ]

[ 2018-08-28T17:27:38+08:00 ] 127.0.0.1 /index.php?g=Company&m=Report&a=add_post
INFO: [ app_begin ] --START--
INFO: Run Behavior\ReadHtmlCacheBehavior [ RunTime:0.001000s ]
INFO: Run Behavior\CheckLangBehavior [ RunTime:0.001000s ]
INFO: [ app_begin ] --END-- [ RunTime:0.003000s ]
SQL: SHOW COLUMNS FROM `ehecd_company` [ RunTime:0.0050s ]
SQL: SELECT * FROM `ehecd_company` WHERE ( id=2 ) LIMIT 1   [ RunTime:0.0010s ]
SQL: SHOW COLUMNS FROM `ehecd_report` [ RunTime:0.0060s ]
SQL: SHOW COLUMNS FROM `ehecd_member` [ RunTime:0.0060s ]
SQL: SELECT * FROM `ehecd_member` WHERE ( mobile='15680819063' ) LIMIT 1   [ RunTime:0.0010s ]
SQL: INSERT INTO `ehecd_report` (`reportname`,`mobile`,`checktime`,`fileurl`,`file_hz`,`nicename`,`type`,`companyname`,`filename`,`status`,`createtime`) VALUES ('是豆腐干','15680819063','1535644800','/data/upload/banner/20180828/5b85158704a38.jpg|/data/upload/banner/20180828/5b8515872b750.jpg|/data/upload/banner/20180828/5b8515875b8d8.jpg|/data/upload/banner/20180828/5b8515877cc18.jpg','0','92575','1','平台上传','','1','1535448458') [ RunTime:0.0330s ]

[ 2018-08-28T17:34:34+08:00 ] 127.0.0.1 /index.php?g=Company&m=Report&a=pitch_post
INFO: [ app_begin ] --START--
INFO: Run Behavior\ReadHtmlCacheBehavior [ RunTime:0.001000s ]
INFO: Run Behavior\CheckLangBehavior [ RunTime:0.002000s ]
INFO: [ app_begin ] --END-- [ RunTime:0.004000s ]
SQL: SHOW COLUMNS FROM `ehecd_company` [ RunTime:0.0060s ]
SQL: SELECT * FROM `ehecd_company` WHERE ( id=2 ) LIMIT 1   [ RunTime:0.0000s ]
SQL: SHOW COLUMNS FROM `ehecd_report` [ RunTime:0.0050s ]
SQL: SHOW COLUMNS FROM `ehecd_member` [ RunTime:0.0070s ]
SQL: SELECT * FROM `ehecd_member` WHERE ( mobile='15198872155' ) LIMIT 1   [ RunTime:0.0000s ]
SQL: INSERT INTO `ehecd_report` (`nicename`,`companyname`,`type`,`status`,`mobile`,`file_hz`,`fileurl`,`filename`,`createtime`,`checktime`,`reportname`) VALUES ('刘错','平台上传','1','1','15198872155','1','/data/upload/banner/20180828/5b851721130b0.pdf','15198872155.pdf','1535448874','1536163200','阿萨德的报告') [ RunTime:0.0420s ]
SQL: SELECT * FROM `ehecd_member` WHERE ( mobile='18583863800' ) LIMIT 1   [ RunTime:0.0000s ]
SQL: INSERT INTO `ehecd_report` (`nicename`,`companyname`,`type`,`status`,`mobile`,`file_hz`,`fileurl`,`filename`,`createtime`,`checktime`,`reportname`) VALUES ('好医生就是我','平台上传','1','1','18583863800','1','/data/upload/banner/20180828/5b8517213d478.pdf','18583863800.pdf','1535448874','1536163200','阿萨德的报告') [ RunTime:0.0270s ]

[ 2018-08-28T17:34:40+08:00 ] 127.0.0.1 /index.php?g=Company&m=Report&a=delete
INFO: [ app_begin ] --START--
INFO: Run Behavior\ReadHtmlCacheBehavior [ RunTime:0.001000s ]
INFO: Run Behavior\CheckLangBehavior [ RunTime:0.004000s ]
INFO: [ app_begin ] --END-- [ RunTime:0.006000s ]
SQL: SHOW COLUMNS FROM `ehecd_company` [ RunTime:0.0100s ]
SQL: SELECT * FROM `ehecd_company` WHERE ( id=2 ) LIMIT 1   [ RunTime:0.0000s ]
SQL: SHOW COLUMNS FROM `ehecd_report` [ RunTime:0.0070s ]
SQL: SELECT * FROM `ehecd_report` WHERE `id` = 16 LIMIT 1   [ RunTime:0.0010s ]
SQL: DELETE FROM `ehecd_report` WHERE ( id='16' ) [ RunTime:0.0890s ]

[ 2018-08-28T17:36:33+08:00 ] 127.0.0.1 /index.php?g=Company&m=Report&a=delete
INFO: [ app_begin ] --START--
INFO: Run Behavior\ReadHtmlCacheBehavior [ RunTime:0.000000s ]
INFO: Run Behavior\CheckLangBehavior [ RunTime:0.002000s ]
INFO: [ app_begin ] --END-- [ RunTime:0.002000s ]
SQL: SHOW COLUMNS FROM `ehecd_company` [ RunTime:0.0070s ]
SQL: SELECT * FROM `ehecd_company` WHERE ( id=2 ) LIMIT 1   [ RunTime:0.0000s ]
SQL: SHOW COLUMNS FROM `ehecd_report` [ RunTime:0.0090s ]
SQL: SELECT * FROM `ehecd_report` WHERE `id` = 17 LIMIT 1   [ RunTime:0.0000s ]
SQL: DELETE FROM `ehecd_report` WHERE ( id='17' ) [ RunTime:0.0420s ]

[ 2018-08-28T17:36:35+08:00 ] 127.0.0.1 /index.php?g=Company&m=Report&a=delete
INFO: [ app_begin ] --START--
INFO: Run Behavior\ReadHtmlCacheBehavior [ RunTime:0.001000s ]
INFO: Run Behavior\CheckLangBehavior [ RunTime:0.002000s ]
INFO: [ app_begin ] --END-- [ RunTime:0.003000s ]
SQL: SHOW COLUMNS FROM `ehecd_company` [ RunTime:0.0090s ]
SQL: SELECT * FROM `ehecd_company` WHERE ( id=2 ) LIMIT 1   [ RunTime:0.0070s ]
SQL: SHOW COLUMNS FROM `ehecd_report` [ RunTime:0.0100s ]
SQL: SELECT * FROM `ehecd_report` WHERE `id` = 18 LIMIT 1   [ RunTime:0.0010s ]
SQL: DELETE FROM `ehecd_report` WHERE ( id='18' ) [ RunTime:0.0330s ]

[ 2018-08-28T17:36:52+08:00 ] 127.0.0.1 /index.php?g=Company&m=Report&a=pitch_post
INFO: [ app_begin ] --START--
INFO: Run Behavior\ReadHtmlCacheBehavior [ RunTime:0.000000s ]
INFO: Run Behavior\CheckLangBehavior [ RunTime:0.001000s ]
INFO: [ app_begin ] --END-- [ RunTime:0.002000s ]
SQL: SHOW COLUMNS FROM `ehecd_company` [ RunTime:0.0060s ]
SQL: SELECT * FROM `ehecd_company` WHERE ( id=2 ) LIMIT 1   [ RunTime:0.0010s ]
SQL: SHOW COLUMNS FROM `ehecd_report` [ RunTime:0.0050s ]
SQL: SHOW COLUMNS FROM `ehecd_member` [ RunTime:0.0070s ]
SQL: SELECT * FROM `ehecd_member` WHERE ( mobile='15198872155' ) LIMIT 1   [ RunTime:0.0000s ]
SQL: INSERT INTO `ehecd_report` (`nicename`,`companyname`,`type`,`status`,`mobile`,`file_hz`,`fileurl`,`filename`,`createtime`,`checktime`,`reportname`) VALUES ('刘错','zhangsan023','2','1','15198872155','1','/data/upload/banner/20180828/5b8517ab31128.pdf','15198872155.pdf','1535449012','1535472000','他是他的报告') [ RunTime:0.0310s ]
SQL: SELECT * FROM `ehecd_member` WHERE ( mobile='18583863800' ) LIMIT 1   [ RunTime:0.0010s ]
SQL: INSERT INTO `ehecd_report` (`nicename`,`companyname`,`type`,`status`,`mobile`,`file_hz`,`fileurl`,`filename`,`createtime`,`checktime`,`reportname`) VALUES ('好医生就是我','zhangsan023','2','1','18583863800','1','/data/upload/banner/20180828/5b8517ab53fc0.pdf','18583863800.pdf','1535449012','1535472000','他是他的报告') [ RunTime:0.0490s ]

[ 2018-08-28T17:41:20+08:00 ] 127.0.0.1 /index.php?g=Company&m=Report&a=add_post
INFO: [ app_begin ] --START--
INFO: Run Behavior\ReadHtmlCacheBehavior [ RunTime:0.001000s ]
INFO: Run Behavior\CheckLangBehavior [ RunTime:0.001000s ]
INFO: [ app_begin ] --END-- [ RunTime:0.003000s ]
SQL: SHOW COLUMNS FROM `ehecd_company` [ RunTime:0.0060s ]
SQL: SELECT * FROM `ehecd_company` WHERE ( id=2 ) LIMIT 1   [ RunTime:0.0000s ]
SQL: SHOW COLUMNS FROM `ehecd_report` [ RunTime:0.0050s ]
SQL: SHOW COLUMNS FROM `ehecd_member` [ RunTime:0.0060s ]
SQL: SELECT * FROM `ehecd_member` WHERE ( mobile='15198872155' ) LIMIT 1   [ RunTime:0.0000s ]
SQL: SELECT `companyname` FROM `ehecd_company` WHERE ( id='2' ) LIMIT 1   [ RunTime:0.0000s ]
SQL: INSERT INTO `ehecd_report` (`reportname`,`mobile`,`checktime`,`fileurl`,`file_hz`,`nicename`,`type`,`companyname`,`filename`,`status`,`createtime`) VALUES ('sdasf','15198872155','1535558400','/data/upload/banner/20180828/5b8518bea3930.pdf','1','刘错','2','番茄科技','18583863800.pdf','1','1535449280') [ RunTime:0.0510s ]

[ 2018-08-28T17:41:31+08:00 ] 127.0.0.1 /index.php?g=Company&m=Report&a=delete
INFO: [ app_begin ] --START--
INFO: Run Behavior\ReadHtmlCacheBehavior [ RunTime:0.004000s ]
INFO: Run Behavior\CheckLangBehavior [ RunTime:0.003000s ]
INFO: [ app_begin ] --END-- [ RunTime:0.008000s ]
SQL: SHOW COLUMNS FROM `ehecd_company` [ RunTime:0.0110s ]
SQL: SELECT * FROM `ehecd_company` WHERE ( id=2 ) LIMIT 1   [ RunTime:0.0010s ]
SQL: SHOW COLUMNS FROM `ehecd_report` [ RunTime:0.0090s ]
SQL: SELECT * FROM `ehecd_report` WHERE `id` = 20 LIMIT 1   [ RunTime:0.0010s ]
SQL: DELETE FROM `ehecd_report` WHERE ( id='20' ) [ RunTime:0.0340s ]

[ 2018-08-28T17:41:33+08:00 ] 127.0.0.1 /index.php?g=Company&m=Report&a=delete
INFO: [ app_begin ] --START--
INFO: Run Behavior\ReadHtmlCacheBehavior [ RunTime:0.000000s ]
INFO: Run Behavior\CheckLangBehavior [ RunTime:0.001000s ]
INFO: [ app_begin ] --END-- [ RunTime:0.002000s ]
SQL: SHOW COLUMNS FROM `ehecd_company` [ RunTime:0.0090s ]
SQL: SELECT * FROM `ehecd_company` WHERE ( id=2 ) LIMIT 1   [ RunTime:0.0010s ]
SQL: SHOW COLUMNS FROM `ehecd_report` [ RunTime:0.0070s ]
SQL: SELECT * FROM `ehecd_report` WHERE `id` = 19 LIMIT 1   [ RunTime:0.0000s ]
SQL: DELETE FROM `ehecd_report` WHERE ( id='19' ) [ RunTime:0.0340s ]

