[ 2018-08-31T14:44:53+08:00 ] 39.104.172.9 /index.php?g=admin&m=public&a=login
INFO: [ app_begin ] --START--
INFO: Run Behavior\ReadHtmlCacheBehavior [ RunTime:0.000522s ]
INFO: Run Behavior\CheckLangBehavior [ RunTime:0.007254s ]
INFO: [ app_begin ] --END-- [ RunTime:0.008268s ]
SQL: SHOW COLUMNS FROM `ehecd_menu` [ RunTime:0.0262s ]
NOTIC: [8] Undefined index: ADMIN_ID C:\www\39.104.172.9\dzjk\application\Common\Common\function.php 第 15 行.
SQL: SHOW COLUMNS FROM `ehecd_users` [ RunTime:0.0237s ]
SQL: SELECT `is_administrator` FROM `ehecd_users` WHERE `id` = null LIMIT 1   [ RunTime:0.0002s ]
SQL: SELECT * FROM `ehecd_menu` WHERE `parentid` = 0 AND `status` = 1 ORDER BY `listorder` ASC  [ RunTime:0.0007s ]
SQL: SHOW COLUMNS FROM `ehecd_auth_rule` [ RunTime:0.0234s ]
SQL: SELECT COUNT(*) AS tp_count FROM `ehecd_auth_rule` WHERE `name` = 'admin/help/index' AND `type` = 1 AND `status` = 1 LIMIT 1   [ RunTime:0.0003s ]
SQL: SELECT COUNT(*) AS tp_count FROM `ehecd_auth_rule` WHERE `name` = 'admin/duser/index' AND `type` = 1 AND `status` = 1 LIMIT 1   [ RunTime:0.0001s ]
SQL: SELECT COUNT(*) AS tp_count FROM `ehecd_auth_rule` WHERE `name` = 'admin/article/index' AND `type` = 1 AND `status` = 1 LIMIT 1   [ RunTime:0.0001s ]
SQL: SELECT COUNT(*) AS tp_count FROM `ehecd_auth_rule` WHERE `name` = 'admin/dynamic/index' AND `type` = 1 AND `status` = 1 LIMIT 1   [ RunTime:0.0001s ]
SQL: SELECT COUNT(*) AS tp_count FROM `ehecd_auth_rule` WHERE `name` = 'admin/adve/index' AND `type` = 1 AND `status` = 1 LIMIT 1   [ RunTime:0.0001s ]
SQL: SELECT COUNT(*) AS tp_count FROM `ehecd_auth_rule` WHERE `name` = 'admin/cont/index' AND `type` = 1 AND `status` = 1 LIMIT 1   [ RunTime:0.0001s ]
SQL: SELECT COUNT(*) AS tp_count FROM `ehecd_auth_rule` WHERE `name` = 'admin/doctor/default' AND `type` = 1 AND `status` = 1 LIMIT 1   [ RunTime:0.0001s ]
SQL: SELECT COUNT(*) AS tp_count FROM `ehecd_auth_rule` WHERE `name` = 'admin/darticle/index' AND `type` = 1 AND `status` = 1 LIMIT 1   [ RunTime:0.0001s ]
SQL: SELECT COUNT(*) AS tp_count FROM `ehecd_auth_rule` WHERE `name` = 'admin/member/index' AND `type` = 1 AND `status` = 1 LIMIT 1   [ RunTime:0.0001s ]
SQL: SELECT COUNT(*) AS tp_count FROM `ehecd_auth_rule` WHERE `name` = 'admin/setting/default' AND `type` = 1 AND `status` = 1 LIMIT 1   [ RunTime:0.0001s ]
SQL: SELECT COUNT(*) AS tp_count FROM `ehecd_auth_rule` WHERE `name` = 'admin/company/index' AND `type` = 1 AND `status` = 1 LIMIT 1   [ RunTime:0.0001s ]
SQL: SELECT COUNT(*) AS tp_count FROM `ehecd_auth_rule` WHERE `name` = 'admin/report/index' AND `type` = 1 AND `status` = 1 LIMIT 1   [ RunTime:0.0001s ]
SQL: SELECT COUNT(*) AS tp_count FROM `ehecd_auth_rule` WHERE `name` = 'admin/question/index' AND `type` = 1 AND `status` = 1 LIMIT 1   [ RunTime:0.0001s ]
SQL: SELECT COUNT(*) AS tp_count FROM `ehecd_auth_rule` WHERE `name` = 'admin/finance/default' AND `type` = 1 AND `status` = 1 LIMIT 1   [ RunTime:0.0002s ]
SQL: SELECT COUNT(*) AS tp_count FROM `ehecd_auth_rule` WHERE `name` = 'admin/menu/default' AND `type` = 1 AND `status` = 1 LIMIT 1   [ RunTime:0.0002s ]
INFO: [ view_parse ] --START--
INFO: [ template_filter ] --START--
INFO: Run Behavior\ContentReplaceBehavior [ RunTime:0.000090s ]
INFO: [ template_filter ] --END-- [ RunTime:0.000151s ]
INFO: Run Behavior\ParseTemplateBehavior [ RunTime:0.044423s ]
INFO: [ view_parse ] --END-- [ RunTime:0.044475s ]
INFO: [ view_filter ] --START--
INFO: Run Behavior\WriteHtmlCacheBehavior [ RunTime:0.000371s ]
INFO: Run Common\Behavior\TmplStripSpaceBehavior [ RunTime:0.000532s ]
INFO: [ view_filter ] --END-- [ RunTime:0.000968s ]
INFO: [ app_end ] --START--
INFO: Run Behavior\ShowPageTraceBehavior [ RunTime:0.000557s ]
INFO: [ app_end ] --END-- [ RunTime:0.000596s ]

[ 2018-08-31T14:45:07+08:00 ] 39.104.172.9 /index.php?g=Admin&m=Public&a=dologin
INFO: [ app_begin ] --START--
INFO: Run Behavior\ReadHtmlCacheBehavior [ RunTime:0.000794s ]
INFO: Run Behavior\CheckLangBehavior [ RunTime:0.001525s ]
INFO: [ app_begin ] --END-- [ RunTime:0.002916s ]
SQL: SHOW COLUMNS FROM `ehecd_menu` [ RunTime:0.0132s ]
NOTIC: [8] Undefined index: ADMIN_ID C:\www\39.104.172.9\dzjk\application\Common\Common\function.php 第 15 行.
SQL: SHOW COLUMNS FROM `ehecd_users` [ RunTime:0.0119s ]
SQL: SELECT `is_administrator` FROM `ehecd_users` WHERE `id` = null LIMIT 1   [ RunTime:0.0003s ]
SQL: SELECT * FROM `ehecd_menu` WHERE `parentid` = 0 AND `status` = 1 ORDER BY `listorder` ASC  [ RunTime:0.0009s ]
SQL: SHOW COLUMNS FROM `ehecd_auth_rule` [ RunTime:0.0217s ]
SQL: SELECT COUNT(*) AS tp_count FROM `ehecd_auth_rule` WHERE `name` = 'admin/help/index' AND `type` = 1 AND `status` = 1 LIMIT 1   [ RunTime:0.0003s ]
SQL: SELECT COUNT(*) AS tp_count FROM `ehecd_auth_rule` WHERE `name` = 'admin/duser/index' AND `type` = 1 AND `status` = 1 LIMIT 1   [ RunTime:0.0002s ]
SQL: SELECT COUNT(*) AS tp_count FROM `ehecd_auth_rule` WHERE `name` = 'admin/article/index' AND `type` = 1 AND `status` = 1 LIMIT 1   [ RunTime:0.0002s ]
SQL: SELECT COUNT(*) AS tp_count FROM `ehecd_auth_rule` WHERE `name` = 'admin/dynamic/index' AND `type` = 1 AND `status` = 1 LIMIT 1   [ RunTime:0.0002s ]
SQL: SELECT COUNT(*) AS tp_count FROM `ehecd_auth_rule` WHERE `name` = 'admin/adve/index' AND `type` = 1 AND `status` = 1 LIMIT 1   [ RunTime:0.0002s ]
SQL: SELECT COUNT(*) AS tp_count FROM `ehecd_auth_rule` WHERE `name` = 'admin/cont/index' AND `type` = 1 AND `status` = 1 LIMIT 1   [ RunTime:0.0002s ]
SQL: SELECT COUNT(*) AS tp_count FROM `ehecd_auth_rule` WHERE `name` = 'admin/doctor/default' AND `type` = 1 AND `status` = 1 LIMIT 1   [ RunTime:0.0002s ]
SQL: SELECT COUNT(*) AS tp_count FROM `ehecd_auth_rule` WHERE `name` = 'admin/darticle/index' AND `type` = 1 AND `status` = 1 LIMIT 1   [ RunTime:0.0002s ]
SQL: SELECT COUNT(*) AS tp_count FROM `ehecd_auth_rule` WHERE `name` = 'admin/member/index' AND `type` = 1 AND `status` = 1 LIMIT 1   [ RunTime:0.0002s ]
SQL: SELECT COUNT(*) AS tp_count FROM `ehecd_auth_rule` WHERE `name` = 'admin/setting/default' AND `type` = 1 AND `status` = 1 LIMIT 1   [ RunTime:0.0002s ]
SQL: SELECT COUNT(*) AS tp_count FROM `ehecd_auth_rule` WHERE `name` = 'admin/company/index' AND `type` = 1 AND `status` = 1 LIMIT 1   [ RunTime:0.0002s ]
SQL: SELECT COUNT(*) AS tp_count FROM `ehecd_auth_rule` WHERE `name` = 'admin/report/index' AND `type` = 1 AND `status` = 1 LIMIT 1   [ RunTime:0.0002s ]
SQL: SELECT COUNT(*) AS tp_count FROM `ehecd_auth_rule` WHERE `name` = 'admin/question/index' AND `type` = 1 AND `status` = 1 LIMIT 1   [ RunTime:0.0002s ]
SQL: SELECT COUNT(*) AS tp_count FROM `ehecd_auth_rule` WHERE `name` = 'admin/finance/default' AND `type` = 1 AND `status` = 1 LIMIT 1   [ RunTime:0.0001s ]
SQL: SELECT COUNT(*) AS tp_count FROM `ehecd_auth_rule` WHERE `name` = 'admin/menu/default' AND `type` = 1 AND `status` = 1 LIMIT 1   [ RunTime:0.0002s ]
SQL: SHOW COLUMNS FROM `ehecd_users` [ RunTime:0.0071s ]
SQL: SELECT * FROM `ehecd_users` WHERE `user_login` = 'admin' LIMIT 1   [ RunTime:0.0021s ]
SQL: UPDATE `ehecd_users` SET `user_login`='admin',`user_pass`='###5a1d63581c3f292fed77bcb7be48fe67',`user_nicename`='admin',`user_email`='236669375@qq.com',`user_url`='',`avatar`=NULL,`sex`='0',`birthday`=NULL,`signature`=NULL,`last_login_ip`='39.104.172.9',`last_login_time`='2018-08-31 14:45:06',`create_time`='2016-05-16 11:45:58',`user_activation_key`='',`user_status`='1',`user_type`='1',`coin`='0',`mobile`='15002827608',`is_administrator`='1',`update_time`='1498807266',`mid`=NULL WHERE `id` = '1' [ RunTime:0.0004s ]
SQL: SHOW COLUMNS FROM `ehecd_syslog_type` [ RunTime:0.0184s ]
SQL: SELECT `id` FROM `ehecd_syslog_type` WHERE `name` = '登录管理' LIMIT 1   [ RunTime:0.0013s ]
SQL: SHOW COLUMNS FROM `ehecd_syslog` [ RunTime:0.0180s ]
SQL: INSERT INTO `ehecd_syslog` (`create_time`,`operators`,`type`,`note`,`o_type`,`ip`) VALUES ('1535697906','1','92','用户登录','0','39.104.172.9') [ RunTime:0.0044s ]

[ 2018-08-31T14:45:10+08:00 ] 39.104.172.9 /index.php?g=Admin&m=Index&a=index
INFO: [ app_begin ] --START--
INFO: Run Behavior\ReadHtmlCacheBehavior [ RunTime:0.000599s ]
INFO: Run Behavior\CheckLangBehavior [ RunTime:0.001145s ]
INFO: [ app_begin ] --END-- [ RunTime:0.002128s ]
SQL: SHOW COLUMNS FROM `ehecd_users` [ RunTime:0.0275s ]
SQL: SELECT * FROM `ehecd_users` WHERE ( id=1 ) LIMIT 1   [ RunTime:0.0011s ]
SQL: SHOW COLUMNS FROM `ehecd_menu` [ RunTime:0.0165s ]
SQL: SELECT * FROM `ehecd_menu` WHERE `parentid` = 0 AND `status` = 1 AND `isshow` = 1 ORDER BY `listorder` ASC  [ RunTime:0.0008s ]
SQL: SELECT * FROM `ehecd_menu` WHERE `parentid` = 876 AND `status` = 1 AND `isshow` = 1 ORDER BY `listorder` ASC  [ RunTime:0.0004s ]
SQL: SELECT * FROM `ehecd_menu` WHERE `parentid` = 8736 AND `status` = 1 AND `isshow` = 1 ORDER BY `listorder` ASC  [ RunTime:0.0003s ]
SQL: SELECT * FROM `ehecd_menu` WHERE `parentid` = 872 AND `status` = 1 AND `isshow` = 1 ORDER BY `listorder` ASC  [ RunTime:0.0002s ]
SQL: SELECT * FROM `ehecd_menu` WHERE `parentid` = 873 AND `status` = 1 AND `isshow` = 1 ORDER BY `listorder` ASC  [ RunTime:0.0003s ]
SQL: SELECT * FROM `ehecd_menu` WHERE `parentid` = 874 AND `status` = 1 AND `isshow` = 1 ORDER BY `listorder` ASC  [ RunTime:0.0003s ]
SQL: SELECT * FROM `ehecd_menu` WHERE `parentid` = 8729 AND `status` = 1 AND `isshow` = 1 ORDER BY `listorder` ASC  [ RunTime:0.0003s ]
SQL: SELECT * FROM `ehecd_menu` WHERE `parentid` = 8730 AND `status` = 1 AND `isshow` = 1 ORDER BY `listorder` ASC  [ RunTime:0.0002s ]
SQL: SELECT * FROM `ehecd_menu` WHERE `parentid` = 8731 AND `status` = 1 AND `isshow` = 1 ORDER BY `listorder` ASC  [ RunTime:0.0003s ]
SQL: SELECT * FROM `ehecd_menu` WHERE `parentid` = 702 AND `status` = 1 AND `isshow` = 1 ORDER BY `listorder` ASC  [ RunTime:0.0004s ]
SQL: SELECT * FROM `ehecd_menu` WHERE `parentid` = 109 AND `status` = 1 AND `isshow` = 1 ORDER BY `listorder` ASC  [ RunTime:0.0006s ]
SQL: SELECT * FROM `ehecd_menu` WHERE `parentid` = 115 AND `status` = 1 AND `isshow` = 1 ORDER BY `listorder` ASC  [ RunTime:0.0006s ]
SQL: SELECT * FROM `ehecd_menu` WHERE `parentid` = 149 AND `status` = 1 AND `isshow` = 1 ORDER BY `listorder` ASC  [ RunTime:0.0004s ]
SQL: SELECT * FROM `ehecd_menu` WHERE `parentid` = 602 AND `status` = 1 AND `isshow` = 1 ORDER BY `listorder` ASC  [ RunTime:0.0003s ]
SQL: SELECT * FROM `ehecd_menu` WHERE `parentid` = 870 AND `status` = 1 AND `isshow` = 1 ORDER BY `listorder` ASC  [ RunTime:0.0003s ]
SQL: SELECT * FROM `ehecd_menu` WHERE `parentid` = 188 AND `status` = 1 AND `isshow` = 1 ORDER BY `listorder` ASC  [ RunTime:0.0003s ]
SQL: SELECT * FROM `ehecd_menu` WHERE `parentid` = 8751 AND `status` = 1 AND `isshow` = 1 ORDER BY `listorder` ASC  [ RunTime:0.0003s ]
SQL: SELECT * FROM `ehecd_menu` WHERE `parentid` = 8756 AND `status` = 1 AND `isshow` = 1 ORDER BY `listorder` ASC  [ RunTime:0.0003s ]
SQL: SELECT * FROM `ehecd_menu` WHERE `parentid` = 8757 AND `status` = 1 AND `isshow` = 1 ORDER BY `listorder` ASC  [ RunTime:0.0002s ]
SQL: SELECT * FROM `ehecd_menu` WHERE `parentid` = 8758 AND `status` = 1 AND `isshow` = 1 ORDER BY `listorder` ASC  [ RunTime:0.0003s ]
SQL: SELECT * FROM `ehecd_menu` WHERE `parentid` = 8759 AND `status` = 1 AND `isshow` = 1 ORDER BY `listorder` ASC  [ RunTime:0.0002s ]
SQL: SELECT * FROM `ehecd_menu` WHERE `parentid` = 8760 AND `status` = 1 AND `isshow` = 1 ORDER BY `listorder` ASC  [ RunTime:0.0002s ]
SQL: SELECT * FROM `ehecd_menu` WHERE `parentid` = 85 AND `status` = 1 AND `isshow` = 1 ORDER BY `listorder` ASC  [ RunTime:0.0003s ]
SQL: SELECT * FROM `ehecd_menu` WHERE `parentid` = 100 AND `status` = 1 AND `isshow` = 1 ORDER BY `listorder` ASC  [ RunTime:0.0003s ]
SQL: SELECT * FROM `ehecd_menu` WHERE `parentid` = 0 AND `status` = 1 AND `isshow` = 1 ORDER BY `listorder` ASC  [ RunTime:0.0008s ]
SQL: SELECT * FROM `ehecd_menu` WHERE `parentid` = 876 AND `status` = 1 AND `isshow` = 1 ORDER BY `listorder` ASC  [ RunTime:0.0004s ]
SQL: SELECT * FROM `ehecd_menu` WHERE `parentid` = 8736 AND `status` = 1 AND `isshow` = 1 ORDER BY `listorder` ASC  [ RunTime:0.0003s ]
SQL: SELECT * FROM `ehecd_menu` WHERE `parentid` = 872 AND `status` = 1 AND `isshow` = 1 ORDER BY `listorder` ASC  [ RunTime:0.0003s ]
SQL: SELECT * FROM `ehecd_menu` WHERE `parentid` = 873 AND `status` = 1 AND `isshow` = 1 ORDER BY `listorder` ASC  [ RunTime:0.0003s ]
SQL: SELECT * FROM `ehecd_menu` WHERE `parentid` = 874 AND `status` = 1 AND `isshow` = 1 ORDER BY `listorder` ASC  [ RunTime:0.0004s ]
SQL: SELECT * FROM `ehecd_menu` WHERE `parentid` = 8729 AND `status` = 1 AND `isshow` = 1 ORDER BY `listorder` ASC  [ RunTime:0.0003s ]
SQL: SELECT * FROM `ehecd_menu` WHERE `parentid` = 8730 AND `status` = 1 AND `isshow` = 1 ORDER BY `listorder` ASC  [ RunTime:0.0003s ]
SQL: SELECT * FROM `ehecd_menu` WHERE `parentid` = 8731 AND `status` = 1 AND `isshow` = 1 ORDER BY `listorder` ASC  [ RunTime:0.0003s ]
SQL: SELECT * FROM `ehecd_menu` WHERE `parentid` = 702 AND `status` = 1 AND `isshow` = 1 ORDER BY `listorder` ASC  [ RunTime:0.0003s ]
SQL: SELECT * FROM `ehecd_menu` WHERE `parentid` = 109 AND `status` = 1 AND `isshow` = 1 ORDER BY `listorder` ASC  [ RunTime:0.0004s ]
SQL: SELECT * FROM `ehecd_menu` WHERE `parentid` = 115 AND `status` = 1 AND `isshow` = 1 ORDER BY `listorder` ASC  [ RunTime:0.0003s ]
SQL: SELECT * FROM `ehecd_menu` WHERE `parentid` = 149 AND `status` = 1 AND `isshow` = 1 ORDER BY `listorder` ASC  [ RunTime:0.0003s ]
SQL: SELECT * FROM `ehecd_menu` WHERE `parentid` = 602 AND `status` = 1 AND `isshow` = 1 ORDER BY `listorder` ASC  [ RunTime:0.0003s ]
SQL: SELECT * FROM `ehecd_menu` WHERE `parentid` = 870 AND `status` = 1 AND `isshow` = 1 ORDER BY `listorder` ASC  [ RunTime:0.0003s ]
SQL: SELECT * FROM `ehecd_menu` WHERE `parentid` = 188 AND `status` = 1 AND `isshow` = 1 ORDER BY `listorder` ASC  [ RunTime:0.0003s ]
SQL: SELECT * FROM `ehecd_menu` WHERE `parentid` = 8751 AND `status` = 1 AND `isshow` = 1 ORDER BY `listorder` ASC  [ RunTime:0.0003s ]
SQL: SELECT * FROM `ehecd_menu` WHERE `parentid` = 8756 AND `status` = 1 AND `isshow` = 1 ORDER BY `listorder` ASC  [ RunTime:0.0004s ]
SQL: SELECT * FROM `ehecd_menu` WHERE `parentid` = 8757 AND `status` = 1 AND `isshow` = 1 ORDER BY `listorder` ASC  [ RunTime:0.0003s ]
SQL: SELECT * FROM `ehecd_menu` WHERE `parentid` = 8758 AND `status` = 1 AND `isshow` = 1 ORDER BY `listorder` ASC  [ RunTime:0.0003s ]
SQL: SELECT * FROM `ehecd_menu` WHERE `parentid` = 8759 AND `status` = 1 AND `isshow` = 1 ORDER BY `listorder` ASC  [ RunTime:0.0003s ]
SQL: SELECT * FROM `ehecd_menu` WHERE `parentid` = 8760 AND `status` = 1 AND `isshow` = 1 ORDER BY `listorder` ASC  [ RunTime:0.0004s ]
SQL: SELECT * FROM `ehecd_menu` WHERE `parentid` = 85 AND `status` = 1 AND `isshow` = 1 ORDER BY `listorder` ASC  [ RunTime:0.0003s ]
SQL: SELECT * FROM `ehecd_menu` WHERE `parentid` = 100 AND `status` = 1 AND `isshow` = 1 ORDER BY `listorder` ASC  [ RunTime:0.0003s ]
SQL: SHOW COLUMNS FROM `ehecd_users` [ RunTime:0.0096s ]
SQL: SELECT `user_type` FROM `ehecd_users` WHERE `id` = '1' LIMIT 1   [ RunTime:0.0002s ]
INFO: [ view_parse ] --START--
INFO: [ template_filter ] --START--
INFO: Run Behavior\ContentReplaceBehavior [ RunTime:0.000209s ]
INFO: [ template_filter ] --END-- [ RunTime:0.000285s ]
INFO: Run Behavior\ParseTemplateBehavior [ RunTime:0.178283s ]
INFO: [ view_parse ] --END-- [ RunTime:0.178383s ]
INFO: [ view_filter ] --START--
INFO: Run Behavior\WriteHtmlCacheBehavior [ RunTime:0.000573s ]
INFO: Run Common\Behavior\TmplStripSpaceBehavior [ RunTime:0.000722s ]
INFO: [ view_filter ] --END-- [ RunTime:0.001412s ]
INFO: [ app_end ] --START--
INFO: Run Behavior\ShowPageTraceBehavior [ RunTime:0.008184s ]
INFO: [ app_end ] --END-- [ RunTime:0.008243s ]

[ 2018-08-31T14:45:11+08:00 ] 39.104.172.9 /index.php?g=Admin&m=Main&a=index
INFO: [ app_begin ] --START--
INFO: Run Behavior\ReadHtmlCacheBehavior [ RunTime:0.000532s ]
INFO: Run Behavior\CheckLangBehavior [ RunTime:0.010269s ]
INFO: [ app_begin ] --END-- [ RunTime:0.011194s ]
SQL: SHOW COLUMNS FROM `ehecd_users` [ RunTime:0.0114s ]
SQL: SELECT * FROM `ehecd_users` WHERE ( id=1 ) LIMIT 1   [ RunTime:0.0003s ]
SQL: SHOW COLUMNS FROM `ehecd_menu` [ RunTime:0.0103s ]
SQL: SELECT * FROM `ehecd_menu` WHERE `parentid` = 0 AND `status` = 1 AND `isshow` = 1 ORDER BY `listorder` ASC  [ RunTime:0.0006s ]
SQL: SELECT * FROM `ehecd_menu` WHERE `parentid` = 876 AND `status` = 1 AND `isshow` = 1 ORDER BY `listorder` ASC  [ RunTime:0.0003s ]
SQL: SELECT * FROM `ehecd_menu` WHERE `parentid` = 8736 AND `status` = 1 AND `isshow` = 1 ORDER BY `listorder` ASC  [ RunTime:0.0003s ]
SQL: SELECT * FROM `ehecd_menu` WHERE `parentid` = 872 AND `status` = 1 AND `isshow` = 1 ORDER BY `listorder` ASC  [ RunTime:0.0002s ]
SQL: SELECT * FROM `ehecd_menu` WHERE `parentid` = 873 AND `status` = 1 AND `isshow` = 1 ORDER BY `listorder` ASC  [ RunTime:0.0002s ]
SQL: SELECT * FROM `ehecd_menu` WHERE `parentid` = 874 AND `status` = 1 AND `isshow` = 1 ORDER BY `listorder` ASC  [ RunTime:0.0002s ]
SQL: SELECT * FROM `ehecd_menu` WHERE `parentid` = 8729 AND `status` = 1 AND `isshow` = 1 ORDER BY `listorder` ASC  [ RunTime:0.0002s ]
SQL: SELECT * FROM `ehecd_menu` WHERE `parentid` = 8730 AND `status` = 1 AND `isshow` = 1 ORDER BY `listorder` ASC  [ RunTime:0.0001s ]
SQL: SELECT * FROM `ehecd_menu` WHERE `parentid` = 8731 AND `status` = 1 AND `isshow` = 1 ORDER BY `listorder` ASC  [ RunTime:0.0002s ]
SQL: SELECT * FROM `ehecd_menu` WHERE `parentid` = 702 AND `status` = 1 AND `isshow` = 1 ORDER BY `listorder` ASC  [ RunTime:0.0002s ]
SQL: SELECT * FROM `ehecd_menu` WHERE `parentid` = 109 AND `status` = 1 AND `isshow` = 1 ORDER BY `listorder` ASC  [ RunTime:0.0002s ]
SQL: SELECT * FROM `ehecd_menu` WHERE `parentid` = 115 AND `status` = 1 AND `isshow` = 1 ORDER BY `listorder` ASC  [ RunTime:0.0002s ]
SQL: SELECT * FROM `ehecd_menu` WHERE `parentid` = 149 AND `status` = 1 AND `isshow` = 1 ORDER BY `listorder` ASC  [ RunTime:0.0002s ]
SQL: SELECT * FROM `ehecd_menu` WHERE `parentid` = 602 AND `status` = 1 AND `isshow` = 1 ORDER BY `listorder` ASC  [ RunTime:0.0004s ]
SQL: SELECT * FROM `ehecd_menu` WHERE `parentid` = 870 AND `status` = 1 AND `isshow` = 1 ORDER BY `listorder` ASC  [ RunTime:0.0002s ]
SQL: SELECT * FROM `ehecd_menu` WHERE `parentid` = 188 AND `status` = 1 AND `isshow` = 1 ORDER BY `listorder` ASC  [ RunTime:0.0001s ]
SQL: SELECT * FROM `ehecd_menu` WHERE `parentid` = 8751 AND `status` = 1 AND `isshow` = 1 ORDER BY `listorder` ASC  [ RunTime:0.0003s ]
SQL: SELECT * FROM `ehecd_menu` WHERE `parentid` = 8756 AND `status` = 1 AND `isshow` = 1 ORDER BY `listorder` ASC  [ RunTime:0.0003s ]
SQL: SELECT * FROM `ehecd_menu` WHERE `parentid` = 8757 AND `status` = 1 AND `isshow` = 1 ORDER BY `listorder` ASC  [ RunTime:0.0003s ]
SQL: SELECT * FROM `ehecd_menu` WHERE `parentid` = 8758 AND `status` = 1 AND `isshow` = 1 ORDER BY `listorder` ASC  [ RunTime:0.0002s ]
SQL: SELECT * FROM `ehecd_menu` WHERE `parentid` = 8759 AND `status` = 1 AND `isshow` = 1 ORDER BY `listorder` ASC  [ RunTime:0.0002s ]
SQL: SELECT * FROM `ehecd_menu` WHERE `parentid` = 8760 AND `status` = 1 AND `isshow` = 1 ORDER BY `listorder` ASC  [ RunTime:0.0002s ]
SQL: SELECT * FROM `ehecd_menu` WHERE `parentid` = 85 AND `status` = 1 AND `isshow` = 1 ORDER BY `listorder` ASC  [ RunTime:0.0002s ]
SQL: SELECT * FROM `ehecd_menu` WHERE `parentid` = 100 AND `status` = 1 AND `isshow` = 1 ORDER BY `listorder` ASC  [ RunTime:0.0002s ]
SQL: SHOW COLUMNS FROM `ehecd_auth_group_access` [ RunTime:0.0260s ]
SQL: SELECT `group_id` FROM `ehecd_auth_group_access` WHERE `uid` = 1 LIMIT 1   [ RunTime:0.0002s ]
SQL: select VERSION() as version [ RunTime:0.0001s ]
INFO: [ view_parse ] --START--
INFO: [ template_filter ] --START--
INFO: Run Behavior\ContentReplaceBehavior [ RunTime:0.000081s ]
INFO: [ template_filter ] --END-- [ RunTime:0.000131s ]
NOTIC: [8] Undefined variable: upload_type C:\www\39.104.172.9\dzjk\data\runtime\Cache\Admin\14f39110225aa98f9efb6f2af8c5253a.php 第 60 行.
INFO: Run Behavior\ParseTemplateBehavior [ RunTime:0.045387s ]
INFO: [ view_parse ] --END-- [ RunTime:0.045435s ]
INFO: [ view_filter ] --START--
INFO: Run Behavior\WriteHtmlCacheBehavior [ RunTime:0.000356s ]
INFO: Run Common\Behavior\TmplStripSpaceBehavior [ RunTime:0.000472s ]
INFO: [ view_filter ] --END-- [ RunTime:0.000886s ]
INFO: [ app_end ] --START--
INFO: Run Behavior\ShowPageTraceBehavior [ RunTime:0.000533s ]
INFO: [ app_end ] --END-- [ RunTime:0.000569s ]

[ 2018-08-31T14:45:15+08:00 ] 39.104.172.9 /index.php?g=Admin&m=Company&a=index&menuid=8751
INFO: [ app_begin ] --START--
INFO: Run Behavior\ReadHtmlCacheBehavior [ RunTime:0.000565s ]
INFO: Run Behavior\CheckLangBehavior [ RunTime:0.001193s ]
INFO: [ app_begin ] --END-- [ RunTime:0.002182s ]
SQL: SHOW COLUMNS FROM `ehecd_users` [ RunTime:0.0148s ]
SQL: SELECT * FROM `ehecd_users` WHERE ( id=1 ) LIMIT 1   [ RunTime:0.0003s ]
SQL: SHOW COLUMNS FROM `ehecd_company` [ RunTime:0.0129s ]
SQL: SHOW COLUMNS FROM `ehecd_menu` [ RunTime:0.0089s ]
SQL: SELECT * FROM `ehecd_menu` WHERE `parentid` = 0 AND `status` = 1 AND `isshow` = 1 ORDER BY `listorder` ASC  [ RunTime:0.0005s ]
SQL: SELECT * FROM `ehecd_menu` WHERE `parentid` = 876 AND `status` = 1 AND `isshow` = 1 ORDER BY `listorder` ASC  [ RunTime:0.0002s ]
SQL: SELECT * FROM `ehecd_menu` WHERE `parentid` = 8736 AND `status` = 1 AND `isshow` = 1 ORDER BY `listorder` ASC  [ RunTime:0.0002s ]
SQL: SELECT * FROM `ehecd_menu` WHERE `parentid` = 872 AND `status` = 1 AND `isshow` = 1 ORDER BY `listorder` ASC  [ RunTime:0.0001s ]
SQL: SELECT * FROM `ehecd_menu` WHERE `parentid` = 873 AND `status` = 1 AND `isshow` = 1 ORDER BY `listorder` ASC  [ RunTime:0.0002s ]
SQL: SELECT * FROM `ehecd_menu` WHERE `parentid` = 874 AND `status` = 1 AND `isshow` = 1 ORDER BY `listorder` ASC  [ RunTime:0.0002s ]
SQL: SELECT * FROM `ehecd_menu` WHERE `parentid` = 8729 AND `status` = 1 AND `isshow` = 1 ORDER BY `listorder` ASC  [ RunTime:0.0003s ]
SQL: SELECT * FROM `ehecd_menu` WHERE `parentid` = 8730 AND `status` = 1 AND `isshow` = 1 ORDER BY `listorder` ASC  [ RunTime:0.0002s ]
SQL: SELECT * FROM `ehecd_menu` WHERE `parentid` = 8731 AND `status` = 1 AND `isshow` = 1 ORDER BY `listorder` ASC  [ RunTime:0.0003s ]
SQL: SELECT * FROM `ehecd_menu` WHERE `parentid` = 702 AND `status` = 1 AND `isshow` = 1 ORDER BY `listorder` ASC  [ RunTime:0.0003s ]
SQL: SELECT * FROM `ehecd_menu` WHERE `parentid` = 109 AND `status` = 1 AND `isshow` = 1 ORDER BY `listorder` ASC  [ RunTime:0.0003s ]
SQL: SELECT * FROM `ehecd_menu` WHERE `parentid` = 115 AND `status` = 1 AND `isshow` = 1 ORDER BY `listorder` ASC  [ RunTime:0.0002s ]
SQL: SELECT * FROM `ehecd_menu` WHERE `parentid` = 149 AND `status` = 1 AND `isshow` = 1 ORDER BY `listorder` ASC  [ RunTime:0.0004s ]
SQL: SELECT * FROM `ehecd_menu` WHERE `parentid` = 602 AND `status` = 1 AND `isshow` = 1 ORDER BY `listorder` ASC  [ RunTime:0.0002s ]
SQL: SELECT * FROM `ehecd_menu` WHERE `parentid` = 870 AND `status` = 1 AND `isshow` = 1 ORDER BY `listorder` ASC  [ RunTime:0.0002s ]
SQL: SELECT * FROM `ehecd_menu` WHERE `parentid` = 188 AND `status` = 1 AND `isshow` = 1 ORDER BY `listorder` ASC  [ RunTime:0.0002s ]
SQL: SELECT * FROM `ehecd_menu` WHERE `parentid` = 8751 AND `status` = 1 AND `isshow` = 1 ORDER BY `listorder` ASC  [ RunTime:0.0002s ]
SQL: SELECT * FROM `ehecd_menu` WHERE `parentid` = 8756 AND `status` = 1 AND `isshow` = 1 ORDER BY `listorder` ASC  [ RunTime:0.0002s ]
SQL: SELECT * FROM `ehecd_menu` WHERE `parentid` = 8757 AND `status` = 1 AND `isshow` = 1 ORDER BY `listorder` ASC  [ RunTime:0.0002s ]
SQL: SELECT * FROM `ehecd_menu` WHERE `parentid` = 8758 AND `status` = 1 AND `isshow` = 1 ORDER BY `listorder` ASC  [ RunTime:0.0002s ]
SQL: SELECT * FROM `ehecd_menu` WHERE `parentid` = 8759 AND `status` = 1 AND `isshow` = 1 ORDER BY `listorder` ASC  [ RunTime:0.0002s ]
SQL: SELECT * FROM `ehecd_menu` WHERE `parentid` = 8760 AND `status` = 1 AND `isshow` = 1 ORDER BY `listorder` ASC  [ RunTime:0.0003s ]
SQL: SELECT * FROM `ehecd_menu` WHERE `parentid` = 85 AND `status` = 1 AND `isshow` = 1 ORDER BY `listorder` ASC  [ RunTime:0.0002s ]
SQL: SELECT * FROM `ehecd_menu` WHERE `parentid` = 100 AND `status` = 1 AND `isshow` = 1 ORDER BY `listorder` ASC  [ RunTime:0.0002s ]
SQL: SELECT COUNT(*) AS tp_count FROM `ehecd_company` LIMIT 1   [ RunTime:0.0010s ]
SQL: SELECT * FROM `ehecd_company` ORDER BY createtime desc LIMIT 0,20   [ RunTime:0.0008s ]
INFO: [ view_parse ] --START--
INFO: [ template_filter ] --START--
INFO: Run Behavior\ContentReplaceBehavior [ RunTime:0.000156s ]
INFO: [ template_filter ] --END-- [ RunTime:0.000200s ]
NOTIC: [8] Undefined variable: upload_type C:\www\39.104.172.9\dzjk\data\runtime\Cache\Admin\f516ade1170bcf6adcff1ad0879fde6a.php 第 60 行.
INFO: Run Behavior\ParseTemplateBehavior [ RunTime:0.081517s ]
INFO: [ view_parse ] --END-- [ RunTime:0.081570s ]
INFO: [ view_filter ] --START--
INFO: Run Behavior\WriteHtmlCacheBehavior [ RunTime:0.000417s ]
INFO: Run Common\Behavior\TmplStripSpaceBehavior [ RunTime:0.000476s ]
INFO: [ view_filter ] --END-- [ RunTime:0.000958s ]
INFO: [ app_end ] --START--
INFO: Run Behavior\ShowPageTraceBehavior [ RunTime:0.000627s ]
INFO: [ app_end ] --END-- [ RunTime:0.000680s ]

