[ 2018-08-30T10:45:56+08:00 ] 39.104.172.9 /index.php?g=admin&m=public&a=login
INFO: [ app_begin ] --START--
INFO: Run Behavior\ReadHtmlCacheBehavior [ RunTime:0.000685s ]
INFO: Run Behavior\CheckLangBehavior [ RunTime:0.007752s ]
INFO: [ app_begin ] --END-- [ RunTime:0.009012s ]
SQL: SHOW COLUMNS FROM `ehecd_menu` [ RunTime:0.0167s ]
NOTIC: [8] Undefined index: ADMIN_ID C:\www\dzjk\application\Common\Common\function.php 第 15 行.
SQL: SHOW COLUMNS FROM `ehecd_users` [ RunTime:0.0127s ]
SQL: SELECT `is_administrator` FROM `ehecd_users` WHERE `id` = null LIMIT 1   [ RunTime:0.0004s ]
SQL: SELECT * FROM `ehecd_menu` WHERE `parentid` = 0 AND `status` = 1 ORDER BY `listorder` ASC  [ RunTime:0.0011s ]
SQL: SHOW COLUMNS FROM `ehecd_auth_rule` [ RunTime:0.0161s ]
SQL: SELECT COUNT(*) AS tp_count FROM `ehecd_auth_rule` WHERE `name` = 'admin/help/index' AND `type` = 1 AND `status` = 1 LIMIT 1   [ RunTime:0.0003s ]
SQL: SELECT COUNT(*) AS tp_count FROM `ehecd_auth_rule` WHERE `name` = 'admin/duser/index' AND `type` = 1 AND `status` = 1 LIMIT 1   [ RunTime:0.0002s ]
SQL: SELECT COUNT(*) AS tp_count FROM `ehecd_auth_rule` WHERE `name` = 'admin/article/index' AND `type` = 1 AND `status` = 1 LIMIT 1   [ RunTime:0.0002s ]
SQL: SELECT COUNT(*) AS tp_count FROM `ehecd_auth_rule` WHERE `name` = 'admin/dynamic/index' AND `type` = 1 AND `status` = 1 LIMIT 1   [ RunTime:0.0002s ]
SQL: SELECT COUNT(*) AS tp_count FROM `ehecd_auth_rule` WHERE `name` = 'admin/adve/index' AND `type` = 1 AND `status` = 1 LIMIT 1   [ RunTime:0.0002s ]
SQL: SELECT COUNT(*) AS tp_count FROM `ehecd_auth_rule` WHERE `name` = 'admin/cont/index' AND `type` = 1 AND `status` = 1 LIMIT 1   [ RunTime:0.0006s ]
SQL: SELECT COUNT(*) AS tp_count FROM `ehecd_auth_rule` WHERE `name` = 'admin/doctor/default' AND `type` = 1 AND `status` = 1 LIMIT 1   [ RunTime:0.0003s ]
SQL: SELECT COUNT(*) AS tp_count FROM `ehecd_auth_rule` WHERE `name` = 'admin/darticle/index' AND `type` = 1 AND `status` = 1 LIMIT 1   [ RunTime:0.0002s ]
SQL: SELECT COUNT(*) AS tp_count FROM `ehecd_auth_rule` WHERE `name` = 'admin/member/index' AND `type` = 1 AND `status` = 1 LIMIT 1   [ RunTime:0.0002s ]
SQL: SELECT COUNT(*) AS tp_count FROM `ehecd_auth_rule` WHERE `name` = 'admin/setting/default' AND `type` = 1 AND `status` = 1 LIMIT 1   [ RunTime:0.0003s ]
SQL: SELECT COUNT(*) AS tp_count FROM `ehecd_auth_rule` WHERE `name` = 'admin/company/index' AND `type` = 1 AND `status` = 1 LIMIT 1   [ RunTime:0.0002s ]
SQL: SELECT COUNT(*) AS tp_count FROM `ehecd_auth_rule` WHERE `name` = 'admin/report/index' AND `type` = 1 AND `status` = 1 LIMIT 1   [ RunTime:0.0003s ]
SQL: SELECT COUNT(*) AS tp_count FROM `ehecd_auth_rule` WHERE `name` = 'admin/question/index' AND `type` = 1 AND `status` = 1 LIMIT 1   [ RunTime:0.0002s ]
SQL: SELECT COUNT(*) AS tp_count FROM `ehecd_auth_rule` WHERE `name` = 'admin/finance/default' AND `type` = 1 AND `status` = 1 LIMIT 1   [ RunTime:0.0002s ]
SQL: SELECT COUNT(*) AS tp_count FROM `ehecd_auth_rule` WHERE `name` = 'admin/menu/default' AND `type` = 1 AND `status` = 1 LIMIT 1   [ RunTime:0.0002s ]
INFO: [ view_parse ] --START--
INFO: [ template_filter ] --START--
INFO: Run Behavior\ContentReplaceBehavior [ RunTime:0.000103s ]
INFO: [ template_filter ] --END-- [ RunTime:0.000186s ]
INFO: Run Behavior\ParseTemplateBehavior [ RunTime:0.067857s ]
INFO: [ view_parse ] --END-- [ RunTime:0.067938s ]
INFO: [ view_filter ] --START--
INFO: Run Behavior\WriteHtmlCacheBehavior [ RunTime:0.000520s ]
INFO: Run Common\Behavior\TmplStripSpaceBehavior [ RunTime:0.001322s ]
INFO: [ view_filter ] --END-- [ RunTime:0.001930s ]
INFO: [ app_end ] --START--
INFO: Run Behavior\ShowPageTraceBehavior [ RunTime:0.000821s ]
INFO: [ app_end ] --END-- [ RunTime:0.000872s ]

[ 2018-08-30T10:46:12+08:00 ] 39.104.172.9 /index.php?g=Admin&m=Public&a=dologin
INFO: [ app_begin ] --START--
INFO: Run Behavior\ReadHtmlCacheBehavior [ RunTime:0.000807s ]
INFO: Run Behavior\CheckLangBehavior [ RunTime:0.001723s ]
INFO: [ app_begin ] --END-- [ RunTime:0.003054s ]
SQL: SHOW COLUMNS FROM `ehecd_menu` [ RunTime:0.0240s ]
NOTIC: [8] Undefined index: ADMIN_ID C:\www\dzjk\application\Common\Common\function.php 第 15 行.
SQL: SHOW COLUMNS FROM `ehecd_users` [ RunTime:0.0145s ]
SQL: SELECT `is_administrator` FROM `ehecd_users` WHERE `id` = null LIMIT 1   [ RunTime:0.0003s ]
SQL: SELECT * FROM `ehecd_menu` WHERE `parentid` = 0 AND `status` = 1 ORDER BY `listorder` ASC  [ RunTime:0.0016s ]
SQL: SHOW COLUMNS FROM `ehecd_auth_rule` [ RunTime:0.0152s ]
SQL: SELECT COUNT(*) AS tp_count FROM `ehecd_auth_rule` WHERE `name` = 'admin/help/index' AND `type` = 1 AND `status` = 1 LIMIT 1   [ RunTime:0.0003s ]
SQL: SELECT COUNT(*) AS tp_count FROM `ehecd_auth_rule` WHERE `name` = 'admin/duser/index' AND `type` = 1 AND `status` = 1 LIMIT 1   [ RunTime:0.0003s ]
SQL: SELECT COUNT(*) AS tp_count FROM `ehecd_auth_rule` WHERE `name` = 'admin/article/index' AND `type` = 1 AND `status` = 1 LIMIT 1   [ RunTime:0.0002s ]
SQL: SELECT COUNT(*) AS tp_count FROM `ehecd_auth_rule` WHERE `name` = 'admin/dynamic/index' AND `type` = 1 AND `status` = 1 LIMIT 1   [ RunTime:0.0001s ]
SQL: SELECT COUNT(*) AS tp_count FROM `ehecd_auth_rule` WHERE `name` = 'admin/adve/index' AND `type` = 1 AND `status` = 1 LIMIT 1   [ RunTime:0.0002s ]
SQL: SELECT COUNT(*) AS tp_count FROM `ehecd_auth_rule` WHERE `name` = 'admin/cont/index' AND `type` = 1 AND `status` = 1 LIMIT 1   [ RunTime:0.0001s ]
SQL: SELECT COUNT(*) AS tp_count FROM `ehecd_auth_rule` WHERE `name` = 'admin/doctor/default' AND `type` = 1 AND `status` = 1 LIMIT 1   [ RunTime:0.0001s ]
SQL: SELECT COUNT(*) AS tp_count FROM `ehecd_auth_rule` WHERE `name` = 'admin/darticle/index' AND `type` = 1 AND `status` = 1 LIMIT 1   [ RunTime:0.0002s ]
SQL: SELECT COUNT(*) AS tp_count FROM `ehecd_auth_rule` WHERE `name` = 'admin/member/index' AND `type` = 1 AND `status` = 1 LIMIT 1   [ RunTime:0.0001s ]
SQL: SELECT COUNT(*) AS tp_count FROM `ehecd_auth_rule` WHERE `name` = 'admin/setting/default' AND `type` = 1 AND `status` = 1 LIMIT 1   [ RunTime:0.0001s ]
SQL: SELECT COUNT(*) AS tp_count FROM `ehecd_auth_rule` WHERE `name` = 'admin/company/index' AND `type` = 1 AND `status` = 1 LIMIT 1   [ RunTime:0.0003s ]
SQL: SELECT COUNT(*) AS tp_count FROM `ehecd_auth_rule` WHERE `name` = 'admin/report/index' AND `type` = 1 AND `status` = 1 LIMIT 1   [ RunTime:0.0002s ]
SQL: SELECT COUNT(*) AS tp_count FROM `ehecd_auth_rule` WHERE `name` = 'admin/question/index' AND `type` = 1 AND `status` = 1 LIMIT 1   [ RunTime:0.0002s ]
SQL: SELECT COUNT(*) AS tp_count FROM `ehecd_auth_rule` WHERE `name` = 'admin/finance/default' AND `type` = 1 AND `status` = 1 LIMIT 1   [ RunTime:0.0002s ]
SQL: SELECT COUNT(*) AS tp_count FROM `ehecd_auth_rule` WHERE `name` = 'admin/menu/default' AND `type` = 1 AND `status` = 1 LIMIT 1   [ RunTime:0.0002s ]
SQL: SHOW COLUMNS FROM `ehecd_users` [ RunTime:0.0150s ]
SQL: SELECT * FROM `ehecd_users` WHERE `user_login` = 'admin' LIMIT 1   [ RunTime:0.0007s ]
SQL: UPDATE `ehecd_users` SET `user_login`='admin',`user_pass`='###5a1d63581c3f292fed77bcb7be48fe67',`user_nicename`='admin',`user_email`='236669375@qq.com',`user_url`='',`avatar`=NULL,`sex`='0',`birthday`=NULL,`signature`=NULL,`last_login_ip`='39.104.172.9',`last_login_time`='2018-08-30 10:46:12',`create_time`='2016-05-16 11:45:58',`user_activation_key`='',`user_status`='1',`user_type`='1',`coin`='0',`mobile`='15002827608',`is_administrator`='1',`update_time`='1498807266',`mid`=NULL WHERE `id` = '1' [ RunTime:0.0004s ]
SQL: SHOW COLUMNS FROM `ehecd_syslog_type` [ RunTime:0.0175s ]
SQL: SELECT `id` FROM `ehecd_syslog_type` WHERE `name` = '登录管理' LIMIT 1   [ RunTime:0.0003s ]
SQL: SHOW COLUMNS FROM `ehecd_syslog` [ RunTime:0.0332s ]
SQL: INSERT INTO `ehecd_syslog` (`create_time`,`operators`,`type`,`note`,`o_type`,`ip`) VALUES ('1535597172','1','92','用户登录','0','39.104.172.9') [ RunTime:0.0054s ]

[ 2018-08-30T10:46:15+08:00 ] 39.104.172.9 /index.php?g=Admin&m=Index&a=index
INFO: [ app_begin ] --START--
INFO: Run Behavior\ReadHtmlCacheBehavior [ RunTime:0.000952s ]
INFO: Run Behavior\CheckLangBehavior [ RunTime:0.001635s ]
INFO: [ app_begin ] --END-- [ RunTime:0.003126s ]
SQL: SHOW COLUMNS FROM `ehecd_users` [ RunTime:0.0235s ]
SQL: SELECT * FROM `ehecd_users` WHERE ( id=1 ) LIMIT 1   [ RunTime:0.0005s ]
SQL: SHOW COLUMNS FROM `ehecd_menu` [ RunTime:0.0119s ]
SQL: SELECT * FROM `ehecd_menu` WHERE `parentid` = 0 AND `status` = 1 AND `isshow` = 1 ORDER BY `listorder` ASC  [ RunTime:0.0009s ]
SQL: SELECT * FROM `ehecd_menu` WHERE `parentid` = 876 AND `status` = 1 AND `isshow` = 1 ORDER BY `listorder` ASC  [ RunTime:0.0005s ]
SQL: SELECT * FROM `ehecd_menu` WHERE `parentid` = 8736 AND `status` = 1 AND `isshow` = 1 ORDER BY `listorder` ASC  [ RunTime:0.0011s ]
SQL: SELECT * FROM `ehecd_menu` WHERE `parentid` = 872 AND `status` = 1 AND `isshow` = 1 ORDER BY `listorder` ASC  [ RunTime:0.0003s ]
SQL: SELECT * FROM `ehecd_menu` WHERE `parentid` = 873 AND `status` = 1 AND `isshow` = 1 ORDER BY `listorder` ASC  [ RunTime:0.0003s ]
SQL: SELECT * FROM `ehecd_menu` WHERE `parentid` = 874 AND `status` = 1 AND `isshow` = 1 ORDER BY `listorder` ASC  [ RunTime:0.0003s ]
SQL: SELECT * FROM `ehecd_menu` WHERE `parentid` = 8729 AND `status` = 1 AND `isshow` = 1 ORDER BY `listorder` ASC  [ RunTime:0.0003s ]
SQL: SELECT * FROM `ehecd_menu` WHERE `parentid` = 8730 AND `status` = 1 AND `isshow` = 1 ORDER BY `listorder` ASC  [ RunTime:0.0003s ]
SQL: SELECT * FROM `ehecd_menu` WHERE `parentid` = 8731 AND `status` = 1 AND `isshow` = 1 ORDER BY `listorder` ASC  [ RunTime:0.0003s ]
SQL: SELECT * FROM `ehecd_menu` WHERE `parentid` = 702 AND `status` = 1 AND `isshow` = 1 ORDER BY `listorder` ASC  [ RunTime:0.0003s ]
SQL: SELECT * FROM `ehecd_menu` WHERE `parentid` = 109 AND `status` = 1 AND `isshow` = 1 ORDER BY `listorder` ASC  [ RunTime:0.0004s ]
SQL: SELECT * FROM `ehecd_menu` WHERE `parentid` = 115 AND `status` = 1 AND `isshow` = 1 ORDER BY `listorder` ASC  [ RunTime:0.0003s ]
SQL: SELECT * FROM `ehecd_menu` WHERE `parentid` = 149 AND `status` = 1 AND `isshow` = 1 ORDER BY `listorder` ASC  [ RunTime:0.0003s ]
SQL: SELECT * FROM `ehecd_menu` WHERE `parentid` = 602 AND `status` = 1 AND `isshow` = 1 ORDER BY `listorder` ASC  [ RunTime:0.0005s ]
SQL: SELECT * FROM `ehecd_menu` WHERE `parentid` = 870 AND `status` = 1 AND `isshow` = 1 ORDER BY `listorder` ASC  [ RunTime:0.0008s ]
SQL: SELECT * FROM `ehecd_menu` WHERE `parentid` = 188 AND `status` = 1 AND `isshow` = 1 ORDER BY `listorder` ASC  [ RunTime:0.0003s ]
SQL: SELECT * FROM `ehecd_menu` WHERE `parentid` = 8751 AND `status` = 1 AND `isshow` = 1 ORDER BY `listorder` ASC  [ RunTime:0.0003s ]
SQL: SELECT * FROM `ehecd_menu` WHERE `parentid` = 8756 AND `status` = 1 AND `isshow` = 1 ORDER BY `listorder` ASC  [ RunTime:0.0003s ]
SQL: SELECT * FROM `ehecd_menu` WHERE `parentid` = 8757 AND `status` = 1 AND `isshow` = 1 ORDER BY `listorder` ASC  [ RunTime:0.0003s ]
SQL: SELECT * FROM `ehecd_menu` WHERE `parentid` = 8758 AND `status` = 1 AND `isshow` = 1 ORDER BY `listorder` ASC  [ RunTime:0.0003s ]
SQL: SELECT * FROM `ehecd_menu` WHERE `parentid` = 8759 AND `status` = 1 AND `isshow` = 1 ORDER BY `listorder` ASC  [ RunTime:0.0002s ]
SQL: SELECT * FROM `ehecd_menu` WHERE `parentid` = 8760 AND `status` = 1 AND `isshow` = 1 ORDER BY `listorder` ASC  [ RunTime:0.0002s ]
SQL: SELECT * FROM `ehecd_menu` WHERE `parentid` = 85 AND `status` = 1 AND `isshow` = 1 ORDER BY `listorder` ASC  [ RunTime:0.0003s ]
SQL: SELECT * FROM `ehecd_menu` WHERE `parentid` = 100 AND `status` = 1 AND `isshow` = 1 ORDER BY `listorder` ASC  [ RunTime:0.0003s ]
SQL: SELECT * FROM `ehecd_menu` WHERE `parentid` = 0 AND `status` = 1 AND `isshow` = 1 ORDER BY `listorder` ASC  [ RunTime:0.0090s ]
SQL: SELECT * FROM `ehecd_menu` WHERE `parentid` = 876 AND `status` = 1 AND `isshow` = 1 ORDER BY `listorder` ASC  [ RunTime:0.0004s ]
SQL: SELECT * FROM `ehecd_menu` WHERE `parentid` = 8736 AND `status` = 1 AND `isshow` = 1 ORDER BY `listorder` ASC  [ RunTime:0.0003s ]
SQL: SELECT * FROM `ehecd_menu` WHERE `parentid` = 872 AND `status` = 1 AND `isshow` = 1 ORDER BY `listorder` ASC  [ RunTime:0.0002s ]
SQL: SELECT * FROM `ehecd_menu` WHERE `parentid` = 873 AND `status` = 1 AND `isshow` = 1 ORDER BY `listorder` ASC  [ RunTime:0.0003s ]
SQL: SELECT * FROM `ehecd_menu` WHERE `parentid` = 874 AND `status` = 1 AND `isshow` = 1 ORDER BY `listorder` ASC  [ RunTime:0.0003s ]
SQL: SELECT * FROM `ehecd_menu` WHERE `parentid` = 8729 AND `status` = 1 AND `isshow` = 1 ORDER BY `listorder` ASC  [ RunTime:0.0003s ]
SQL: SELECT * FROM `ehecd_menu` WHERE `parentid` = 8730 AND `status` = 1 AND `isshow` = 1 ORDER BY `listorder` ASC  [ RunTime:0.0003s ]
SQL: SELECT * FROM `ehecd_menu` WHERE `parentid` = 8731 AND `status` = 1 AND `isshow` = 1 ORDER BY `listorder` ASC  [ RunTime:0.0003s ]
SQL: SELECT * FROM `ehecd_menu` WHERE `parentid` = 702 AND `status` = 1 AND `isshow` = 1 ORDER BY `listorder` ASC  [ RunTime:0.0003s ]
SQL: SELECT * FROM `ehecd_menu` WHERE `parentid` = 109 AND `status` = 1 AND `isshow` = 1 ORDER BY `listorder` ASC  [ RunTime:0.0004s ]
SQL: SELECT * FROM `ehecd_menu` WHERE `parentid` = 115 AND `status` = 1 AND `isshow` = 1 ORDER BY `listorder` ASC  [ RunTime:0.0003s ]
SQL: SELECT * FROM `ehecd_menu` WHERE `parentid` = 149 AND `status` = 1 AND `isshow` = 1 ORDER BY `listorder` ASC  [ RunTime:0.0003s ]
SQL: SELECT * FROM `ehecd_menu` WHERE `parentid` = 602 AND `status` = 1 AND `isshow` = 1 ORDER BY `listorder` ASC  [ RunTime:0.0003s ]
SQL: SELECT * FROM `ehecd_menu` WHERE `parentid` = 870 AND `status` = 1 AND `isshow` = 1 ORDER BY `listorder` ASC  [ RunTime:0.0002s ]
SQL: SELECT * FROM `ehecd_menu` WHERE `parentid` = 188 AND `status` = 1 AND `isshow` = 1 ORDER BY `listorder` ASC  [ RunTime:0.0003s ]
SQL: SELECT * FROM `ehecd_menu` WHERE `parentid` = 8751 AND `status` = 1 AND `isshow` = 1 ORDER BY `listorder` ASC  [ RunTime:0.0003s ]
SQL: SELECT * FROM `ehecd_menu` WHERE `parentid` = 8756 AND `status` = 1 AND `isshow` = 1 ORDER BY `listorder` ASC  [ RunTime:0.0003s ]
SQL: SELECT * FROM `ehecd_menu` WHERE `parentid` = 8757 AND `status` = 1 AND `isshow` = 1 ORDER BY `listorder` ASC  [ RunTime:0.0003s ]
SQL: SELECT * FROM `ehecd_menu` WHERE `parentid` = 8758 AND `status` = 1 AND `isshow` = 1 ORDER BY `listorder` ASC  [ RunTime:0.0003s ]
SQL: SELECT * FROM `ehecd_menu` WHERE `parentid` = 8759 AND `status` = 1 AND `isshow` = 1 ORDER BY `listorder` ASC  [ RunTime:0.0002s ]
SQL: SELECT * FROM `ehecd_menu` WHERE `parentid` = 8760 AND `status` = 1 AND `isshow` = 1 ORDER BY `listorder` ASC  [ RunTime:0.0003s ]
SQL: SELECT * FROM `ehecd_menu` WHERE `parentid` = 85 AND `status` = 1 AND `isshow` = 1 ORDER BY `listorder` ASC  [ RunTime:0.0003s ]
SQL: SELECT * FROM `ehecd_menu` WHERE `parentid` = 100 AND `status` = 1 AND `isshow` = 1 ORDER BY `listorder` ASC  [ RunTime:0.0003s ]
SQL: SHOW COLUMNS FROM `ehecd_users` [ RunTime:0.0132s ]
SQL: SELECT `user_type` FROM `ehecd_users` WHERE `id` = '1' LIMIT 1   [ RunTime:0.0002s ]
INFO: [ view_parse ] --START--
INFO: [ template_filter ] --START--
INFO: Run Behavior\ContentReplaceBehavior [ RunTime:0.000213s ]
INFO: [ template_filter ] --END-- [ RunTime:0.000286s ]
INFO: Run Behavior\ParseTemplateBehavior [ RunTime:0.180057s ]
INFO: [ view_parse ] --END-- [ RunTime:0.180118s ]
INFO: [ view_filter ] --START--
INFO: Run Behavior\WriteHtmlCacheBehavior [ RunTime:0.000492s ]
INFO: Run Common\Behavior\TmplStripSpaceBehavior [ RunTime:0.000555s ]
INFO: [ view_filter ] --END-- [ RunTime:0.001119s ]
INFO: [ app_end ] --START--
INFO: Run Behavior\ShowPageTraceBehavior [ RunTime:0.000687s ]
INFO: [ app_end ] --END-- [ RunTime:0.000733s ]

[ 2018-08-30T10:46:16+08:00 ] 39.104.172.9 /index.php?g=Admin&m=Main&a=index
INFO: [ app_begin ] --START--
INFO: Run Behavior\ReadHtmlCacheBehavior [ RunTime:0.000643s ]
INFO: Run Behavior\CheckLangBehavior [ RunTime:0.011321s ]
INFO: [ app_begin ] --END-- [ RunTime:0.012410s ]
SQL: SHOW COLUMNS FROM `ehecd_users` [ RunTime:0.0185s ]
SQL: SELECT * FROM `ehecd_users` WHERE ( id=1 ) LIMIT 1   [ RunTime:0.0004s ]
SQL: SHOW COLUMNS FROM `ehecd_menu` [ RunTime:0.0125s ]
SQL: SELECT * FROM `ehecd_menu` WHERE `parentid` = 0 AND `status` = 1 AND `isshow` = 1 ORDER BY `listorder` ASC  [ RunTime:0.0007s ]
SQL: SELECT * FROM `ehecd_menu` WHERE `parentid` = 876 AND `status` = 1 AND `isshow` = 1 ORDER BY `listorder` ASC  [ RunTime:0.0003s ]
SQL: SELECT * FROM `ehecd_menu` WHERE `parentid` = 8736 AND `status` = 1 AND `isshow` = 1 ORDER BY `listorder` ASC  [ RunTime:0.0003s ]
SQL: SELECT * FROM `ehecd_menu` WHERE `parentid` = 872 AND `status` = 1 AND `isshow` = 1 ORDER BY `listorder` ASC  [ RunTime:0.0003s ]
SQL: SELECT * FROM `ehecd_menu` WHERE `parentid` = 873 AND `status` = 1 AND `isshow` = 1 ORDER BY `listorder` ASC  [ RunTime:0.0003s ]
SQL: SELECT * FROM `ehecd_menu` WHERE `parentid` = 874 AND `status` = 1 AND `isshow` = 1 ORDER BY `listorder` ASC  [ RunTime:0.0003s ]
SQL: SELECT * FROM `ehecd_menu` WHERE `parentid` = 8729 AND `status` = 1 AND `isshow` = 1 ORDER BY `listorder` ASC  [ RunTime:0.0003s ]
SQL: SELECT * FROM `ehecd_menu` WHERE `parentid` = 8730 AND `status` = 1 AND `isshow` = 1 ORDER BY `listorder` ASC  [ RunTime:0.0003s ]
SQL: SELECT * FROM `ehecd_menu` WHERE `parentid` = 8731 AND `status` = 1 AND `isshow` = 1 ORDER BY `listorder` ASC  [ RunTime:0.0003s ]
SQL: SELECT * FROM `ehecd_menu` WHERE `parentid` = 702 AND `status` = 1 AND `isshow` = 1 ORDER BY `listorder` ASC  [ RunTime:0.0003s ]
SQL: SELECT * FROM `ehecd_menu` WHERE `parentid` = 109 AND `status` = 1 AND `isshow` = 1 ORDER BY `listorder` ASC  [ RunTime:0.0004s ]
SQL: SELECT * FROM `ehecd_menu` WHERE `parentid` = 115 AND `status` = 1 AND `isshow` = 1 ORDER BY `listorder` ASC  [ RunTime:0.0003s ]
SQL: SELECT * FROM `ehecd_menu` WHERE `parentid` = 149 AND `status` = 1 AND `isshow` = 1 ORDER BY `listorder` ASC  [ RunTime:0.0003s ]
SQL: SELECT * FROM `ehecd_menu` WHERE `parentid` = 602 AND `status` = 1 AND `isshow` = 1 ORDER BY `listorder` ASC  [ RunTime:0.0003s ]
SQL: SELECT * FROM `ehecd_menu` WHERE `parentid` = 870 AND `status` = 1 AND `isshow` = 1 ORDER BY `listorder` ASC  [ RunTime:0.0002s ]
SQL: SELECT * FROM `ehecd_menu` WHERE `parentid` = 188 AND `status` = 1 AND `isshow` = 1 ORDER BY `listorder` ASC  [ RunTime:0.0002s ]
SQL: SELECT * FROM `ehecd_menu` WHERE `parentid` = 8751 AND `status` = 1 AND `isshow` = 1 ORDER BY `listorder` ASC  [ RunTime:0.0003s ]
SQL: SELECT * FROM `ehecd_menu` WHERE `parentid` = 8756 AND `status` = 1 AND `isshow` = 1 ORDER BY `listorder` ASC  [ RunTime:0.0003s ]
SQL: SELECT * FROM `ehecd_menu` WHERE `parentid` = 8757 AND `status` = 1 AND `isshow` = 1 ORDER BY `listorder` ASC  [ RunTime:0.0003s ]
SQL: SELECT * FROM `ehecd_menu` WHERE `parentid` = 8758 AND `status` = 1 AND `isshow` = 1 ORDER BY `listorder` ASC  [ RunTime:0.0003s ]
SQL: SELECT * FROM `ehecd_menu` WHERE `parentid` = 8759 AND `status` = 1 AND `isshow` = 1 ORDER BY `listorder` ASC  [ RunTime:0.0002s ]
SQL: SELECT * FROM `ehecd_menu` WHERE `parentid` = 8760 AND `status` = 1 AND `isshow` = 1 ORDER BY `listorder` ASC  [ RunTime:0.0002s ]
SQL: SELECT * FROM `ehecd_menu` WHERE `parentid` = 85 AND `status` = 1 AND `isshow` = 1 ORDER BY `listorder` ASC  [ RunTime:0.0002s ]
SQL: SELECT * FROM `ehecd_menu` WHERE `parentid` = 100 AND `status` = 1 AND `isshow` = 1 ORDER BY `listorder` ASC  [ RunTime:0.0002s ]
SQL: SHOW COLUMNS FROM `ehecd_auth_group_access` [ RunTime:0.0099s ]
SQL: SELECT `group_id` FROM `ehecd_auth_group_access` WHERE `uid` = 1 LIMIT 1   [ RunTime:0.0002s ]
SQL: select VERSION() as version [ RunTime:0.0001s ]
INFO: [ view_parse ] --START--
INFO: [ template_filter ] --START--
INFO: Run Behavior\ContentReplaceBehavior [ RunTime:0.000085s ]
INFO: [ template_filter ] --END-- [ RunTime:0.000145s ]
NOTIC: [8] Undefined variable: upload_type C:\www\dzjk\data\runtime\Cache\Admin\14f39110225aa98f9efb6f2af8c5253a.php 第 60 行.
INFO: Run Behavior\ParseTemplateBehavior [ RunTime:0.057933s ]
INFO: [ view_parse ] --END-- [ RunTime:0.058005s ]
INFO: [ view_filter ] --START--
INFO: Run Behavior\WriteHtmlCacheBehavior [ RunTime:0.000598s ]
INFO: Run Common\Behavior\TmplStripSpaceBehavior [ RunTime:0.000560s ]
INFO: [ view_filter ] --END-- [ RunTime:0.001232s ]
INFO: [ app_end ] --START--
INFO: Run Behavior\ShowPageTraceBehavior [ RunTime:0.000715s ]
INFO: [ app_end ] --END-- [ RunTime:0.000759s ]

[ 2018-08-30T10:46:20+08:00 ] 39.104.172.9 /index.php?g=Admin&m=Company&a=index&menuid=8751
INFO: [ app_begin ] --START--
INFO: Run Behavior\ReadHtmlCacheBehavior [ RunTime:0.000800s ]
INFO: Run Behavior\CheckLangBehavior [ RunTime:0.002799s ]
INFO: [ app_begin ] --END-- [ RunTime:0.004041s ]
SQL: SHOW COLUMNS FROM `ehecd_users` [ RunTime:0.0189s ]
SQL: SELECT * FROM `ehecd_users` WHERE ( id=1 ) LIMIT 1   [ RunTime:0.0005s ]
SQL: SHOW COLUMNS FROM `ehecd_company` [ RunTime:0.0139s ]
SQL: SHOW COLUMNS FROM `ehecd_menu` [ RunTime:0.0114s ]
SQL: SELECT * FROM `ehecd_menu` WHERE `parentid` = 0 AND `status` = 1 AND `isshow` = 1 ORDER BY `listorder` ASC  [ RunTime:0.0006s ]
SQL: SELECT * FROM `ehecd_menu` WHERE `parentid` = 876 AND `status` = 1 AND `isshow` = 1 ORDER BY `listorder` ASC  [ RunTime:0.0003s ]
SQL: SELECT * FROM `ehecd_menu` WHERE `parentid` = 8736 AND `status` = 1 AND `isshow` = 1 ORDER BY `listorder` ASC  [ RunTime:0.0003s ]
SQL: SELECT * FROM `ehecd_menu` WHERE `parentid` = 872 AND `status` = 1 AND `isshow` = 1 ORDER BY `listorder` ASC  [ RunTime:0.0002s ]
SQL: SELECT * FROM `ehecd_menu` WHERE `parentid` = 873 AND `status` = 1 AND `isshow` = 1 ORDER BY `listorder` ASC  [ RunTime:0.0003s ]
SQL: SELECT * FROM `ehecd_menu` WHERE `parentid` = 874 AND `status` = 1 AND `isshow` = 1 ORDER BY `listorder` ASC  [ RunTime:0.0003s ]
SQL: SELECT * FROM `ehecd_menu` WHERE `parentid` = 8729 AND `status` = 1 AND `isshow` = 1 ORDER BY `listorder` ASC  [ RunTime:0.0003s ]
SQL: SELECT * FROM `ehecd_menu` WHERE `parentid` = 8730 AND `status` = 1 AND `isshow` = 1 ORDER BY `listorder` ASC  [ RunTime:0.0002s ]
SQL: SELECT * FROM `ehecd_menu` WHERE `parentid` = 8731 AND `status` = 1 AND `isshow` = 1 ORDER BY `listorder` ASC  [ RunTime:0.0002s ]
SQL: SELECT * FROM `ehecd_menu` WHERE `parentid` = 702 AND `status` = 1 AND `isshow` = 1 ORDER BY `listorder` ASC  [ RunTime:0.0003s ]
SQL: SELECT * FROM `ehecd_menu` WHERE `parentid` = 109 AND `status` = 1 AND `isshow` = 1 ORDER BY `listorder` ASC  [ RunTime:0.0004s ]
SQL: SELECT * FROM `ehecd_menu` WHERE `parentid` = 115 AND `status` = 1 AND `isshow` = 1 ORDER BY `listorder` ASC  [ RunTime:0.0004s ]
SQL: SELECT * FROM `ehecd_menu` WHERE `parentid` = 149 AND `status` = 1 AND `isshow` = 1 ORDER BY `listorder` ASC  [ RunTime:0.0002s ]
SQL: SELECT * FROM `ehecd_menu` WHERE `parentid` = 602 AND `status` = 1 AND `isshow` = 1 ORDER BY `listorder` ASC  [ RunTime:0.0002s ]
SQL: SELECT * FROM `ehecd_menu` WHERE `parentid` = 870 AND `status` = 1 AND `isshow` = 1 ORDER BY `listorder` ASC  [ RunTime:0.0002s ]
SQL: SELECT * FROM `ehecd_menu` WHERE `parentid` = 188 AND `status` = 1 AND `isshow` = 1 ORDER BY `listorder` ASC  [ RunTime:0.0002s ]
SQL: SELECT * FROM `ehecd_menu` WHERE `parentid` = 8751 AND `status` = 1 AND `isshow` = 1 ORDER BY `listorder` ASC  [ RunTime:0.0003s ]
SQL: SELECT * FROM `ehecd_menu` WHERE `parentid` = 8756 AND `status` = 1 AND `isshow` = 1 ORDER BY `listorder` ASC  [ RunTime:0.0003s ]
SQL: SELECT * FROM `ehecd_menu` WHERE `parentid` = 8757 AND `status` = 1 AND `isshow` = 1 ORDER BY `listorder` ASC  [ RunTime:0.0003s ]
SQL: SELECT * FROM `ehecd_menu` WHERE `parentid` = 8758 AND `status` = 1 AND `isshow` = 1 ORDER BY `listorder` ASC  [ RunTime:0.0002s ]
SQL: SELECT * FROM `ehecd_menu` WHERE `parentid` = 8759 AND `status` = 1 AND `isshow` = 1 ORDER BY `listorder` ASC  [ RunTime:0.0001s ]
SQL: SELECT * FROM `ehecd_menu` WHERE `parentid` = 8760 AND `status` = 1 AND `isshow` = 1 ORDER BY `listorder` ASC  [ RunTime:0.0002s ]
SQL: SELECT * FROM `ehecd_menu` WHERE `parentid` = 85 AND `status` = 1 AND `isshow` = 1 ORDER BY `listorder` ASC  [ RunTime:0.0002s ]
SQL: SELECT * FROM `ehecd_menu` WHERE `parentid` = 100 AND `status` = 1 AND `isshow` = 1 ORDER BY `listorder` ASC  [ RunTime:0.0002s ]
SQL: SELECT COUNT(*) AS tp_count FROM `ehecd_company` LIMIT 1   [ RunTime:0.0002s ]
SQL: SELECT * FROM `ehecd_company` ORDER BY createtime desc LIMIT 0,20   [ RunTime:0.0002s ]
INFO: [ view_parse ] --START--
INFO: [ template_filter ] --START--
INFO: Run Behavior\ContentReplaceBehavior [ RunTime:0.000161s ]
INFO: [ template_filter ] --END-- [ RunTime:0.000209s ]
NOTIC: [8] Undefined variable: upload_type C:\www\dzjk\data\runtime\Cache\Admin\f516ade1170bcf6adcff1ad0879fde6a.php 第 60 行.
INFO: Run Behavior\ParseTemplateBehavior [ RunTime:0.089555s ]
INFO: [ view_parse ] --END-- [ RunTime:0.089609s ]
INFO: [ view_filter ] --START--
INFO: Run Behavior\WriteHtmlCacheBehavior [ RunTime:0.000495s ]
INFO: Run Common\Behavior\TmplStripSpaceBehavior [ RunTime:0.000514s ]
INFO: [ view_filter ] --END-- [ RunTime:0.001080s ]
INFO: [ app_end ] --START--
INFO: Run Behavior\ShowPageTraceBehavior [ RunTime:0.000641s ]
INFO: [ app_end ] --END-- [ RunTime:0.000680s ]

[ 2018-08-30T10:46:24+08:00 ] 39.104.172.9 /index.php?g=Admin&m=Report&a=index&menuid=8756
INFO: [ app_begin ] --START--
INFO: Run Behavior\ReadHtmlCacheBehavior [ RunTime:0.000675s ]
INFO: Run Behavior\CheckLangBehavior [ RunTime:0.001192s ]
INFO: [ app_begin ] --END-- [ RunTime:0.002336s ]
SQL: SHOW COLUMNS FROM `ehecd_users` [ RunTime:0.0192s ]
SQL: SELECT * FROM `ehecd_users` WHERE ( id=1 ) LIMIT 1   [ RunTime:0.0003s ]
SQL: SHOW COLUMNS FROM `ehecd_report` [ RunTime:0.0180s ]
SQL: SHOW COLUMNS FROM `ehecd_menu` [ RunTime:0.0110s ]
SQL: SELECT * FROM `ehecd_menu` WHERE `parentid` = 0 AND `status` = 1 AND `isshow` = 1 ORDER BY `listorder` ASC  [ RunTime:0.0006s ]
SQL: SELECT * FROM `ehecd_menu` WHERE `parentid` = 876 AND `status` = 1 AND `isshow` = 1 ORDER BY `listorder` ASC  [ RunTime:0.0003s ]
SQL: SELECT * FROM `ehecd_menu` WHERE `parentid` = 8736 AND `status` = 1 AND `isshow` = 1 ORDER BY `listorder` ASC  [ RunTime:0.0003s ]
SQL: SELECT * FROM `ehecd_menu` WHERE `parentid` = 872 AND `status` = 1 AND `isshow` = 1 ORDER BY `listorder` ASC  [ RunTime:0.0002s ]
SQL: SELECT * FROM `ehecd_menu` WHERE `parentid` = 873 AND `status` = 1 AND `isshow` = 1 ORDER BY `listorder` ASC  [ RunTime:0.0002s ]
SQL: SELECT * FROM `ehecd_menu` WHERE `parentid` = 874 AND `status` = 1 AND `isshow` = 1 ORDER BY `listorder` ASC  [ RunTime:0.0002s ]
SQL: SELECT * FROM `ehecd_menu` WHERE `parentid` = 8729 AND `status` = 1 AND `isshow` = 1 ORDER BY `listorder` ASC  [ RunTime:0.0002s ]
SQL: SELECT * FROM `ehecd_menu` WHERE `parentid` = 8730 AND `status` = 1 AND `isshow` = 1 ORDER BY `listorder` ASC  [ RunTime:0.0002s ]
SQL: SELECT * FROM `ehecd_menu` WHERE `parentid` = 8731 AND `status` = 1 AND `isshow` = 1 ORDER BY `listorder` ASC  [ RunTime:0.0002s ]
SQL: SELECT * FROM `ehecd_menu` WHERE `parentid` = 702 AND `status` = 1 AND `isshow` = 1 ORDER BY `listorder` ASC  [ RunTime:0.0002s ]
SQL: SELECT * FROM `ehecd_menu` WHERE `parentid` = 109 AND `status` = 1 AND `isshow` = 1 ORDER BY `listorder` ASC  [ RunTime:0.0002s ]
SQL: SELECT * FROM `ehecd_menu` WHERE `parentid` = 115 AND `status` = 1 AND `isshow` = 1 ORDER BY `listorder` ASC  [ RunTime:0.0002s ]
SQL: SELECT * FROM `ehecd_menu` WHERE `parentid` = 149 AND `status` = 1 AND `isshow` = 1 ORDER BY `listorder` ASC  [ RunTime:0.0002s ]
SQL: SELECT * FROM `ehecd_menu` WHERE `parentid` = 602 AND `status` = 1 AND `isshow` = 1 ORDER BY `listorder` ASC  [ RunTime:0.0002s ]
SQL: SELECT * FROM `ehecd_menu` WHERE `parentid` = 870 AND `status` = 1 AND `isshow` = 1 ORDER BY `listorder` ASC  [ RunTime:0.0002s ]
SQL: SELECT * FROM `ehecd_menu` WHERE `parentid` = 188 AND `status` = 1 AND `isshow` = 1 ORDER BY `listorder` ASC  [ RunTime:0.0002s ]
SQL: SELECT * FROM `ehecd_menu` WHERE `parentid` = 8751 AND `status` = 1 AND `isshow` = 1 ORDER BY `listorder` ASC  [ RunTime:0.0002s ]
SQL: SELECT * FROM `ehecd_menu` WHERE `parentid` = 8756 AND `status` = 1 AND `isshow` = 1 ORDER BY `listorder` ASC  [ RunTime:0.0002s ]
SQL: SELECT * FROM `ehecd_menu` WHERE `parentid` = 8757 AND `status` = 1 AND `isshow` = 1 ORDER BY `listorder` ASC  [ RunTime:0.0002s ]
SQL: SELECT * FROM `ehecd_menu` WHERE `parentid` = 8758 AND `status` = 1 AND `isshow` = 1 ORDER BY `listorder` ASC  [ RunTime:0.0002s ]
SQL: SELECT * FROM `ehecd_menu` WHERE `parentid` = 8759 AND `status` = 1 AND `isshow` = 1 ORDER BY `listorder` ASC  [ RunTime:0.0002s ]
SQL: SELECT * FROM `ehecd_menu` WHERE `parentid` = 8760 AND `status` = 1 AND `isshow` = 1 ORDER BY `listorder` ASC  [ RunTime:0.0003s ]
SQL: SELECT * FROM `ehecd_menu` WHERE `parentid` = 85 AND `status` = 1 AND `isshow` = 1 ORDER BY `listorder` ASC  [ RunTime:0.0003s ]
SQL: SELECT * FROM `ehecd_menu` WHERE `parentid` = 100 AND `status` = 1 AND `isshow` = 1 ORDER BY `listorder` ASC  [ RunTime:0.0009s ]
SQL: SELECT COUNT(*) AS tp_count FROM `ehecd_report` LIMIT 1   [ RunTime:0.0002s ]
SQL: SELECT * FROM `ehecd_report` ORDER BY createtime desc LIMIT 0,20   [ RunTime:0.0003s ]
INFO: [ view_parse ] --START--
INFO: [ template_filter ] --START--
INFO: Run Behavior\ContentReplaceBehavior [ RunTime:0.000171s ]
INFO: [ template_filter ] --END-- [ RunTime:0.000222s ]
NOTIC: [8] Undefined variable: upload_type C:\www\dzjk\data\runtime\Cache\Admin\6b09b9964c9971c77f9c2aaaaafbcd29.php 第 60 行.
NOTIC: [8] Undefined index: type C:\www\dzjk\data\runtime\Cache\Admin\6b09b9964c9971c77f9c2aaaaafbcd29.php 第 97 行.
NOTIC: [8] Undefined index: type C:\www\dzjk\data\runtime\Cache\Admin\6b09b9964c9971c77f9c2aaaaafbcd29.php 第 98 行.
NOTIC: [8] Undefined index: type C:\www\dzjk\data\runtime\Cache\Admin\6b09b9964c9971c77f9c2aaaaafbcd29.php 第 99 行.
NOTIC: [8] Undefined index: status C:\www\dzjk\data\runtime\Cache\Admin\6b09b9964c9971c77f9c2aaaaafbcd29.php 第 104 行.
NOTIC: [8] Undefined index: status C:\www\dzjk\data\runtime\Cache\Admin\6b09b9964c9971c77f9c2aaaaafbcd29.php 第 105 行.
INFO: Run Behavior\ParseTemplateBehavior [ RunTime:0.109161s ]
INFO: [ view_parse ] --END-- [ RunTime:0.109217s ]
INFO: [ view_filter ] --START--
INFO: Run Behavior\WriteHtmlCacheBehavior [ RunTime:0.000498s ]
INFO: Run Common\Behavior\TmplStripSpaceBehavior [ RunTime:0.000459s ]
INFO: [ view_filter ] --END-- [ RunTime:0.001019s ]
INFO: [ app_end ] --START--
INFO: Run Behavior\ShowPageTraceBehavior [ RunTime:0.000620s ]
INFO: [ app_end ] --END-- [ RunTime:0.000659s ]

[ 2018-08-30T10:46:26+08:00 ] 39.104.172.9 /index.php?g=Admin&m=Question&a=index&menuid=8757
INFO: [ app_begin ] --START--
INFO: Run Behavior\ReadHtmlCacheBehavior [ RunTime:0.000785s ]
INFO: Run Behavior\CheckLangBehavior [ RunTime:0.001530s ]
INFO: [ app_begin ] --END-- [ RunTime:0.002775s ]
SQL: SHOW COLUMNS FROM `ehecd_users` [ RunTime:0.0155s ]
SQL: SELECT * FROM `ehecd_users` WHERE ( id=1 ) LIMIT 1   [ RunTime:0.0004s ]
SQL: SHOW COLUMNS FROM `ehecd_answermanage` [ RunTime:0.0135s ]
SQL: SHOW COLUMNS FROM `ehecd_menu` [ RunTime:0.0087s ]
SQL: SELECT * FROM `ehecd_menu` WHERE `parentid` = 0 AND `status` = 1 AND `isshow` = 1 ORDER BY `listorder` ASC  [ RunTime:0.0005s ]
SQL: SELECT * FROM `ehecd_menu` WHERE `parentid` = 876 AND `status` = 1 AND `isshow` = 1 ORDER BY `listorder` ASC  [ RunTime:0.0002s ]
SQL: SELECT * FROM `ehecd_menu` WHERE `parentid` = 8736 AND `status` = 1 AND `isshow` = 1 ORDER BY `listorder` ASC  [ RunTime:0.0002s ]
SQL: SELECT * FROM `ehecd_menu` WHERE `parentid` = 872 AND `status` = 1 AND `isshow` = 1 ORDER BY `listorder` ASC  [ RunTime:0.0002s ]
SQL: SELECT * FROM `ehecd_menu` WHERE `parentid` = 873 AND `status` = 1 AND `isshow` = 1 ORDER BY `listorder` ASC  [ RunTime:0.0002s ]
SQL: SELECT * FROM `ehecd_menu` WHERE `parentid` = 874 AND `status` = 1 AND `isshow` = 1 ORDER BY `listorder` ASC  [ RunTime:0.0002s ]
SQL: SELECT * FROM `ehecd_menu` WHERE `parentid` = 8729 AND `status` = 1 AND `isshow` = 1 ORDER BY `listorder` ASC  [ RunTime:0.0002s ]
SQL: SELECT * FROM `ehecd_menu` WHERE `parentid` = 8730 AND `status` = 1 AND `isshow` = 1 ORDER BY `listorder` ASC  [ RunTime:0.0002s ]
SQL: SELECT * FROM `ehecd_menu` WHERE `parentid` = 8731 AND `status` = 1 AND `isshow` = 1 ORDER BY `listorder` ASC  [ RunTime:0.0002s ]
SQL: SELECT * FROM `ehecd_menu` WHERE `parentid` = 702 AND `status` = 1 AND `isshow` = 1 ORDER BY `listorder` ASC  [ RunTime:0.0002s ]
SQL: SELECT * FROM `ehecd_menu` WHERE `parentid` = 109 AND `status` = 1 AND `isshow` = 1 ORDER BY `listorder` ASC  [ RunTime:0.0002s ]
SQL: SELECT * FROM `ehecd_menu` WHERE `parentid` = 115 AND `status` = 1 AND `isshow` = 1 ORDER BY `listorder` ASC  [ RunTime:0.0002s ]
SQL: SELECT * FROM `ehecd_menu` WHERE `parentid` = 149 AND `status` = 1 AND `isshow` = 1 ORDER BY `listorder` ASC  [ RunTime:0.0002s ]
SQL: SELECT * FROM `ehecd_menu` WHERE `parentid` = 602 AND `status` = 1 AND `isshow` = 1 ORDER BY `listorder` ASC  [ RunTime:0.0002s ]
SQL: SELECT * FROM `ehecd_menu` WHERE `parentid` = 870 AND `status` = 1 AND `isshow` = 1 ORDER BY `listorder` ASC  [ RunTime:0.0001s ]
SQL: SELECT * FROM `ehecd_menu` WHERE `parentid` = 188 AND `status` = 1 AND `isshow` = 1 ORDER BY `listorder` ASC  [ RunTime:0.0002s ]
SQL: SELECT * FROM `ehecd_menu` WHERE `parentid` = 8751 AND `status` = 1 AND `isshow` = 1 ORDER BY `listorder` ASC  [ RunTime:0.0002s ]
SQL: SELECT * FROM `ehecd_menu` WHERE `parentid` = 8756 AND `status` = 1 AND `isshow` = 1 ORDER BY `listorder` ASC  [ RunTime:0.0002s ]
SQL: SELECT * FROM `ehecd_menu` WHERE `parentid` = 8757 AND `status` = 1 AND `isshow` = 1 ORDER BY `listorder` ASC  [ RunTime:0.0003s ]
SQL: SELECT * FROM `ehecd_menu` WHERE `parentid` = 8758 AND `status` = 1 AND `isshow` = 1 ORDER BY `listorder` ASC  [ RunTime:0.0005s ]
SQL: SELECT * FROM `ehecd_menu` WHERE `parentid` = 8759 AND `status` = 1 AND `isshow` = 1 ORDER BY `listorder` ASC  [ RunTime:0.0002s ]
SQL: SELECT * FROM `ehecd_menu` WHERE `parentid` = 8760 AND `status` = 1 AND `isshow` = 1 ORDER BY `listorder` ASC  [ RunTime:0.0002s ]
SQL: SELECT * FROM `ehecd_menu` WHERE `parentid` = 85 AND `status` = 1 AND `isshow` = 1 ORDER BY `listorder` ASC  [ RunTime:0.0002s ]
SQL: SELECT * FROM `ehecd_menu` WHERE `parentid` = 100 AND `status` = 1 AND `isshow` = 1 ORDER BY `listorder` ASC  [ RunTime:0.0002s ]
SQL: SELECT COUNT(*) AS tp_count FROM `ehecd_answermanage` LIMIT 1   [ RunTime:0.0010s ]
SQL: SELECT * FROM `ehecd_answermanage` ORDER BY questiontime desc LIMIT 0,20   [ RunTime:0.0003s ]
INFO: [ view_parse ] --START--
INFO: [ template_filter ] --START--
INFO: Run Behavior\ContentReplaceBehavior [ RunTime:0.000090s ]
INFO: [ template_filter ] --END-- [ RunTime:0.000131s ]
NOTIC: [8] Undefined variable: upload_type C:\www\dzjk\data\runtime\Cache\Admin\cca9184969b19e8892ddc3a41bd81348.php 第 60 行.
NOTIC: [8] Undefined index: status C:\www\dzjk\data\runtime\Cache\Admin\cca9184969b19e8892ddc3a41bd81348.php 第 88 行.
NOTIC: [8] Undefined index: status C:\www\dzjk\data\runtime\Cache\Admin\cca9184969b19e8892ddc3a41bd81348.php 第 89 行.
NOTIC: [8] Undefined index: status C:\www\dzjk\data\runtime\Cache\Admin\cca9184969b19e8892ddc3a41bd81348.php 第 90 行.
NOTIC: [8] Undefined index: status C:\www\dzjk\data\runtime\Cache\Admin\cca9184969b19e8892ddc3a41bd81348.php 第 91 行.
INFO: Run Behavior\ParseTemplateBehavior [ RunTime:0.060700s ]
INFO: [ view_parse ] --END-- [ RunTime:0.060744s ]
INFO: [ view_filter ] --START--
INFO: Run Behavior\WriteHtmlCacheBehavior [ RunTime:0.000493s ]
INFO: Run Common\Behavior\TmplStripSpaceBehavior [ RunTime:0.000452s ]
INFO: [ view_filter ] --END-- [ RunTime:0.001006s ]
INFO: [ app_end ] --START--
INFO: Run Behavior\ShowPageTraceBehavior [ RunTime:0.000636s ]
INFO: [ app_end ] --END-- [ RunTime:0.000672s ]

[ 2018-08-30T10:46:31+08:00 ] 39.104.172.9 /index.php?g=Admin&m=Finance&a=index&menuid=8759
INFO: [ app_begin ] --START--
INFO: Run Behavior\ReadHtmlCacheBehavior [ RunTime:0.000625s ]
INFO: Run Behavior\CheckLangBehavior [ RunTime:0.001205s ]
INFO: [ app_begin ] --END-- [ RunTime:0.002210s ]
SQL: SHOW COLUMNS FROM `ehecd_users` [ RunTime:0.0166s ]
SQL: SELECT * FROM `ehecd_users` WHERE ( id=1 ) LIMIT 1   [ RunTime:0.0004s ]
SQL: SHOW COLUMNS FROM `ehecd_financelog` [ RunTime:0.0170s ]
SQL: SHOW COLUMNS FROM `ehecd_menu` [ RunTime:0.0098s ]
SQL: SELECT * FROM `ehecd_menu` WHERE `parentid` = 0 AND `status` = 1 AND `isshow` = 1 ORDER BY `listorder` ASC  [ RunTime:0.0008s ]
SQL: SELECT * FROM `ehecd_menu` WHERE `parentid` = 876 AND `status` = 1 AND `isshow` = 1 ORDER BY `listorder` ASC  [ RunTime:0.0003s ]
SQL: SELECT * FROM `ehecd_menu` WHERE `parentid` = 8736 AND `status` = 1 AND `isshow` = 1 ORDER BY `listorder` ASC  [ RunTime:0.0002s ]
SQL: SELECT * FROM `ehecd_menu` WHERE `parentid` = 872 AND `status` = 1 AND `isshow` = 1 ORDER BY `listorder` ASC  [ RunTime:0.0002s ]
SQL: SELECT * FROM `ehecd_menu` WHERE `parentid` = 873 AND `status` = 1 AND `isshow` = 1 ORDER BY `listorder` ASC  [ RunTime:0.0002s ]
SQL: SELECT * FROM `ehecd_menu` WHERE `parentid` = 874 AND `status` = 1 AND `isshow` = 1 ORDER BY `listorder` ASC  [ RunTime:0.0002s ]
SQL: SELECT * FROM `ehecd_menu` WHERE `parentid` = 8729 AND `status` = 1 AND `isshow` = 1 ORDER BY `listorder` ASC  [ RunTime:0.0002s ]
SQL: SELECT * FROM `ehecd_menu` WHERE `parentid` = 8730 AND `status` = 1 AND `isshow` = 1 ORDER BY `listorder` ASC  [ RunTime:0.0002s ]
SQL: SELECT * FROM `ehecd_menu` WHERE `parentid` = 8731 AND `status` = 1 AND `isshow` = 1 ORDER BY `listorder` ASC  [ RunTime:0.0002s ]
SQL: SELECT * FROM `ehecd_menu` WHERE `parentid` = 702 AND `status` = 1 AND `isshow` = 1 ORDER BY `listorder` ASC  [ RunTime:0.0002s ]
SQL: SELECT * FROM `ehecd_menu` WHERE `parentid` = 109 AND `status` = 1 AND `isshow` = 1 ORDER BY `listorder` ASC  [ RunTime:0.0004s ]
SQL: SELECT * FROM `ehecd_menu` WHERE `parentid` = 115 AND `status` = 1 AND `isshow` = 1 ORDER BY `listorder` ASC  [ RunTime:0.0003s ]
SQL: SELECT * FROM `ehecd_menu` WHERE `parentid` = 149 AND `status` = 1 AND `isshow` = 1 ORDER BY `listorder` ASC  [ RunTime:0.0002s ]
SQL: SELECT * FROM `ehecd_menu` WHERE `parentid` = 602 AND `status` = 1 AND `isshow` = 1 ORDER BY `listorder` ASC  [ RunTime:0.0002s ]
SQL: SELECT * FROM `ehecd_menu` WHERE `parentid` = 870 AND `status` = 1 AND `isshow` = 1 ORDER BY `listorder` ASC  [ RunTime:0.0005s ]
SQL: SELECT * FROM `ehecd_menu` WHERE `parentid` = 188 AND `status` = 1 AND `isshow` = 1 ORDER BY `listorder` ASC  [ RunTime:0.0003s ]
SQL: SELECT * FROM `ehecd_menu` WHERE `parentid` = 8751 AND `status` = 1 AND `isshow` = 1 ORDER BY `listorder` ASC  [ RunTime:0.0003s ]
SQL: SELECT * FROM `ehecd_menu` WHERE `parentid` = 8756 AND `status` = 1 AND `isshow` = 1 ORDER BY `listorder` ASC  [ RunTime:0.0003s ]
SQL: SELECT * FROM `ehecd_menu` WHERE `parentid` = 8757 AND `status` = 1 AND `isshow` = 1 ORDER BY `listorder` ASC  [ RunTime:0.0003s ]
SQL: SELECT * FROM `ehecd_menu` WHERE `parentid` = 8758 AND `status` = 1 AND `isshow` = 1 ORDER BY `listorder` ASC  [ RunTime:0.0003s ]
SQL: SELECT * FROM `ehecd_menu` WHERE `parentid` = 8759 AND `status` = 1 AND `isshow` = 1 ORDER BY `listorder` ASC  [ RunTime:0.0002s ]
SQL: SELECT * FROM `ehecd_menu` WHERE `parentid` = 8760 AND `status` = 1 AND `isshow` = 1 ORDER BY `listorder` ASC  [ RunTime:0.0002s ]
SQL: SELECT * FROM `ehecd_menu` WHERE `parentid` = 85 AND `status` = 1 AND `isshow` = 1 ORDER BY `listorder` ASC  [ RunTime:0.0003s ]
SQL: SELECT * FROM `ehecd_menu` WHERE `parentid` = 100 AND `status` = 1 AND `isshow` = 1 ORDER BY `listorder` ASC  [ RunTime:0.0003s ]
SQL: SELECT COUNT(*) AS tp_count FROM `ehecd_financelog` WHERE (  status !=0 ) LIMIT 1   [ RunTime:0.0002s ]
SQL: SELECT * FROM `ehecd_financelog` WHERE (  status !=0 ) ORDER BY createtime desc LIMIT 0,20   [ RunTime:0.0003s ]
NOTIC: [8] Undefined index: questionname C:\www\dzjk\application\Admin\Controller\FinanceController.class.php 第 53 行.
NOTIC: [8] Undefined index: questionname C:\www\dzjk\application\Admin\Controller\FinanceController.class.php 第 53 行.
NOTIC: [8] Undefined index: questionname C:\www\dzjk\application\Admin\Controller\FinanceController.class.php 第 53 行.
INFO: [ view_parse ] --START--
INFO: [ template_filter ] --START--
INFO: Run Behavior\ContentReplaceBehavior [ RunTime:0.000086s ]
INFO: [ template_filter ] --END-- [ RunTime:0.000133s ]
NOTIC: [8] Undefined variable: upload_type C:\www\dzjk\data\runtime\Cache\Admin\34b32cf91d4200f31d4fda1dff11e91f.php 第 60 行.
NOTIC: [8] Undefined index: type C:\www\dzjk\data\runtime\Cache\Admin\34b32cf91d4200f31d4fda1dff11e91f.php 第 84 行.
NOTIC: [8] Undefined index: type C:\www\dzjk\data\runtime\Cache\Admin\34b32cf91d4200f31d4fda1dff11e91f.php 第 85 行.
NOTIC: [8] Undefined index: handeltype C:\www\dzjk\data\runtime\Cache\Admin\34b32cf91d4200f31d4fda1dff11e91f.php 第 92 行.
NOTIC: [8] Undefined index: handeltype C:\www\dzjk\data\runtime\Cache\Admin\34b32cf91d4200f31d4fda1dff11e91f.php 第 93 行.
NOTIC: [8] Undefined index: handeltype C:\www\dzjk\data\runtime\Cache\Admin\34b32cf91d4200f31d4fda1dff11e91f.php 第 94 行.
INFO: Run Behavior\ParseTemplateBehavior [ RunTime:0.072009s ]
INFO: [ view_parse ] --END-- [ RunTime:0.072058s ]
INFO: [ view_filter ] --START--
INFO: Run Behavior\WriteHtmlCacheBehavior [ RunTime:0.000494s ]
INFO: Run Common\Behavior\TmplStripSpaceBehavior [ RunTime:0.000487s ]
INFO: [ view_filter ] --END-- [ RunTime:0.001043s ]
INFO: [ app_end ] --START--
INFO: Run Behavior\ShowPageTraceBehavior [ RunTime:0.000643s ]
INFO: [ app_end ] --END-- [ RunTime:0.000681s ]

[ 2018-08-30T10:46:33+08:00 ] 39.104.172.9 /index.php?g=Admin&m=Finance&a=cash&menuid=8760
INFO: [ app_begin ] --START--
INFO: Run Behavior\ReadHtmlCacheBehavior [ RunTime:0.000633s ]
INFO: Run Behavior\CheckLangBehavior [ RunTime:0.001276s ]
INFO: [ app_begin ] --END-- [ RunTime:0.002336s ]
SQL: SHOW COLUMNS FROM `ehecd_users` [ RunTime:0.0158s ]
SQL: SELECT * FROM `ehecd_users` WHERE ( id=1 ) LIMIT 1   [ RunTime:0.0003s ]
SQL: SHOW COLUMNS FROM `ehecd_financelog` [ RunTime:0.0115s ]
SQL: SHOW COLUMNS FROM `ehecd_menu` [ RunTime:0.0098s ]
SQL: SELECT * FROM `ehecd_menu` WHERE `parentid` = 0 AND `status` = 1 AND `isshow` = 1 ORDER BY `listorder` ASC  [ RunTime:0.0005s ]
SQL: SELECT * FROM `ehecd_menu` WHERE `parentid` = 876 AND `status` = 1 AND `isshow` = 1 ORDER BY `listorder` ASC  [ RunTime:0.0002s ]
SQL: SELECT * FROM `ehecd_menu` WHERE `parentid` = 8736 AND `status` = 1 AND `isshow` = 1 ORDER BY `listorder` ASC  [ RunTime:0.0002s ]
SQL: SELECT * FROM `ehecd_menu` WHERE `parentid` = 872 AND `status` = 1 AND `isshow` = 1 ORDER BY `listorder` ASC  [ RunTime:0.0003s ]
SQL: SELECT * FROM `ehecd_menu` WHERE `parentid` = 873 AND `status` = 1 AND `isshow` = 1 ORDER BY `listorder` ASC  [ RunTime:0.0002s ]
SQL: SELECT * FROM `ehecd_menu` WHERE `parentid` = 874 AND `status` = 1 AND `isshow` = 1 ORDER BY `listorder` ASC  [ RunTime:0.0003s ]
SQL: SELECT * FROM `ehecd_menu` WHERE `parentid` = 8729 AND `status` = 1 AND `isshow` = 1 ORDER BY `listorder` ASC  [ RunTime:0.0002s ]
SQL: SELECT * FROM `ehecd_menu` WHERE `parentid` = 8730 AND `status` = 1 AND `isshow` = 1 ORDER BY `listorder` ASC  [ RunTime:0.0002s ]
SQL: SELECT * FROM `ehecd_menu` WHERE `parentid` = 8731 AND `status` = 1 AND `isshow` = 1 ORDER BY `listorder` ASC  [ RunTime:0.0002s ]
SQL: SELECT * FROM `ehecd_menu` WHERE `parentid` = 702 AND `status` = 1 AND `isshow` = 1 ORDER BY `listorder` ASC  [ RunTime:0.0002s ]
SQL: SELECT * FROM `ehecd_menu` WHERE `parentid` = 109 AND `status` = 1 AND `isshow` = 1 ORDER BY `listorder` ASC  [ RunTime:0.0004s ]
SQL: SELECT * FROM `ehecd_menu` WHERE `parentid` = 115 AND `status` = 1 AND `isshow` = 1 ORDER BY `listorder` ASC  [ RunTime:0.0003s ]
SQL: SELECT * FROM `ehecd_menu` WHERE `parentid` = 149 AND `status` = 1 AND `isshow` = 1 ORDER BY `listorder` ASC  [ RunTime:0.0002s ]
SQL: SELECT * FROM `ehecd_menu` WHERE `parentid` = 602 AND `status` = 1 AND `isshow` = 1 ORDER BY `listorder` ASC  [ RunTime:0.0002s ]
SQL: SELECT * FROM `ehecd_menu` WHERE `parentid` = 870 AND `status` = 1 AND `isshow` = 1 ORDER BY `listorder` ASC  [ RunTime:0.0002s ]
SQL: SELECT * FROM `ehecd_menu` WHERE `parentid` = 188 AND `status` = 1 AND `isshow` = 1 ORDER BY `listorder` ASC  [ RunTime:0.0003s ]
SQL: SELECT * FROM `ehecd_menu` WHERE `parentid` = 8751 AND `status` = 1 AND `isshow` = 1 ORDER BY `listorder` ASC  [ RunTime:0.0003s ]
SQL: SELECT * FROM `ehecd_menu` WHERE `parentid` = 8756 AND `status` = 1 AND `isshow` = 1 ORDER BY `listorder` ASC  [ RunTime:0.0003s ]
SQL: SELECT * FROM `ehecd_menu` WHERE `parentid` = 8757 AND `status` = 1 AND `isshow` = 1 ORDER BY `listorder` ASC  [ RunTime:0.0003s ]
SQL: SELECT * FROM `ehecd_menu` WHERE `parentid` = 8758 AND `status` = 1 AND `isshow` = 1 ORDER BY `listorder` ASC  [ RunTime:0.0003s ]
SQL: SELECT * FROM `ehecd_menu` WHERE `parentid` = 8759 AND `status` = 1 AND `isshow` = 1 ORDER BY `listorder` ASC  [ RunTime:0.0003s ]
SQL: SELECT * FROM `ehecd_menu` WHERE `parentid` = 8760 AND `status` = 1 AND `isshow` = 1 ORDER BY `listorder` ASC  [ RunTime:0.0002s ]
SQL: SELECT * FROM `ehecd_menu` WHERE `parentid` = 85 AND `status` = 1 AND `isshow` = 1 ORDER BY `listorder` ASC  [ RunTime:0.0003s ]
SQL: SELECT * FROM `ehecd_menu` WHERE `parentid` = 100 AND `status` = 1 AND `isshow` = 1 ORDER BY `listorder` ASC  [ RunTime:0.0003s ]
SQL: SELECT COUNT(*) AS tp_count FROM `ehecd_financelog` WHERE `handeltype` = '提现' LIMIT 1   [ RunTime:0.0002s ]
SQL: SELECT * FROM `ehecd_financelog` WHERE `handeltype` = '提现' ORDER BY createtime desc LIMIT 0,20   [ RunTime:0.0003s ]
SQL: SHOW COLUMNS FROM `ehecd_users` [ RunTime:0.0064s ]
SQL: SELECT `user_login` FROM `ehecd_users` WHERE ( id='1' ) LIMIT 1   [ RunTime:0.0002s ]
INFO: [ view_parse ] --START--
INFO: [ template_filter ] --START--
INFO: Run Behavior\ContentReplaceBehavior [ RunTime:0.000145s ]
INFO: [ template_filter ] --END-- [ RunTime:0.000201s ]
NOTIC: [8] Undefined variable: upload_type C:\www\dzjk\data\runtime\Cache\Admin\f627101e4b3bd8fde2886175f27f62ab.php 第 60 行.
NOTIC: [8] Undefined index: status C:\www\dzjk\data\runtime\Cache\Admin\f627101e4b3bd8fde2886175f27f62ab.php 第 92 行.
NOTIC: [8] Undefined index: status C:\www\dzjk\data\runtime\Cache\Admin\f627101e4b3bd8fde2886175f27f62ab.php 第 93 行.
NOTIC: [8] Undefined index: status C:\www\dzjk\data\runtime\Cache\Admin\f627101e4b3bd8fde2886175f27f62ab.php 第 94 行.
INFO: Run Behavior\ParseTemplateBehavior [ RunTime:0.073441s ]
INFO: [ view_parse ] --END-- [ RunTime:0.073492s ]
INFO: [ view_filter ] --START--
INFO: Run Behavior\WriteHtmlCacheBehavior [ RunTime:0.000477s ]
INFO: Run Common\Behavior\TmplStripSpaceBehavior [ RunTime:0.000542s ]
INFO: [ view_filter ] --END-- [ RunTime:0.001078s ]
INFO: [ app_end ] --START--
INFO: Run Behavior\ShowPageTraceBehavior [ RunTime:0.000606s ]
INFO: [ app_end ] --END-- [ RunTime:0.000642s ]

[ 2018-08-30T10:46:36+08:00 ] 39.104.172.9 /index.php?g=Admin&m=Menu&a=index&menuid=100
INFO: [ app_begin ] --START--
INFO: Run Behavior\ReadHtmlCacheBehavior [ RunTime:0.000588s ]
INFO: Run Behavior\CheckLangBehavior [ RunTime:0.012643s ]
INFO: [ app_begin ] --END-- [ RunTime:0.013663s ]
SQL: SHOW COLUMNS FROM `ehecd_users` [ RunTime:0.0184s ]
SQL: SELECT * FROM `ehecd_users` WHERE ( id=1 ) LIMIT 1   [ RunTime:0.0004s ]
SQL: SHOW COLUMNS FROM `ehecd_menu` [ RunTime:0.0149s ]
NOTIC: D方法实例化没找到模型类Common\Model\AuthRuleModel
SQL: SHOW COLUMNS FROM `ehecd_auth_rule` [ RunTime:0.0128s ]
SQL: SELECT * FROM `ehecd_menu` WHERE `parentid` = 0 AND `status` = 1 AND `isshow` = 1 ORDER BY `listorder` ASC  [ RunTime:0.0007s ]
SQL: SELECT * FROM `ehecd_menu` WHERE `parentid` = 876 AND `status` = 1 AND `isshow` = 1 ORDER BY `listorder` ASC  [ RunTime:0.0003s ]
SQL: SELECT * FROM `ehecd_menu` WHERE `parentid` = 8736 AND `status` = 1 AND `isshow` = 1 ORDER BY `listorder` ASC  [ RunTime:0.0002s ]
SQL: SELECT * FROM `ehecd_menu` WHERE `parentid` = 872 AND `status` = 1 AND `isshow` = 1 ORDER BY `listorder` ASC  [ RunTime:0.0002s ]
SQL: SELECT * FROM `ehecd_menu` WHERE `parentid` = 873 AND `status` = 1 AND `isshow` = 1 ORDER BY `listorder` ASC  [ RunTime:0.0003s ]
SQL: SELECT * FROM `ehecd_menu` WHERE `parentid` = 874 AND `status` = 1 AND `isshow` = 1 ORDER BY `listorder` ASC  [ RunTime:0.0004s ]
SQL: SELECT * FROM `ehecd_menu` WHERE `parentid` = 8729 AND `status` = 1 AND `isshow` = 1 ORDER BY `listorder` ASC  [ RunTime:0.0003s ]
SQL: SELECT * FROM `ehecd_menu` WHERE `parentid` = 8730 AND `status` = 1 AND `isshow` = 1 ORDER BY `listorder` ASC  [ RunTime:0.0002s ]
SQL: SELECT * FROM `ehecd_menu` WHERE `parentid` = 8731 AND `status` = 1 AND `isshow` = 1 ORDER BY `listorder` ASC  [ RunTime:0.0002s ]
SQL: SELECT * FROM `ehecd_menu` WHERE `parentid` = 702 AND `status` = 1 AND `isshow` = 1 ORDER BY `listorder` ASC  [ RunTime:0.0002s ]
SQL: SELECT * FROM `ehecd_menu` WHERE `parentid` = 109 AND `status` = 1 AND `isshow` = 1 ORDER BY `listorder` ASC  [ RunTime:0.0003s ]
SQL: SELECT * FROM `ehecd_menu` WHERE `parentid` = 115 AND `status` = 1 AND `isshow` = 1 ORDER BY `listorder` ASC  [ RunTime:0.0002s ]
SQL: SELECT * FROM `ehecd_menu` WHERE `parentid` = 149 AND `status` = 1 AND `isshow` = 1 ORDER BY `listorder` ASC  [ RunTime:0.0002s ]
SQL: SELECT * FROM `ehecd_menu` WHERE `parentid` = 602 AND `status` = 1 AND `isshow` = 1 ORDER BY `listorder` ASC  [ RunTime:0.0002s ]
SQL: SELECT * FROM `ehecd_menu` WHERE `parentid` = 870 AND `status` = 1 AND `isshow` = 1 ORDER BY `listorder` ASC  [ RunTime:0.0001s ]
SQL: SELECT * FROM `ehecd_menu` WHERE `parentid` = 188 AND `status` = 1 AND `isshow` = 1 ORDER BY `listorder` ASC  [ RunTime:0.0002s ]
SQL: SELECT * FROM `ehecd_menu` WHERE `parentid` = 8751 AND `status` = 1 AND `isshow` = 1 ORDER BY `listorder` ASC  [ RunTime:0.0004s ]
SQL: SELECT * FROM `ehecd_menu` WHERE `parentid` = 8756 AND `status` = 1 AND `isshow` = 1 ORDER BY `listorder` ASC  [ RunTime:0.0002s ]
SQL: SELECT * FROM `ehecd_menu` WHERE `parentid` = 8757 AND `status` = 1 AND `isshow` = 1 ORDER BY `listorder` ASC  [ RunTime:0.0003s ]
SQL: SELECT * FROM `ehecd_menu` WHERE `parentid` = 8758 AND `status` = 1 AND `isshow` = 1 ORDER BY `listorder` ASC  [ RunTime:0.0002s ]
SQL: SELECT * FROM `ehecd_menu` WHERE `parentid` = 8759 AND `status` = 1 AND `isshow` = 1 ORDER BY `listorder` ASC  [ RunTime:0.0002s ]
SQL: SELECT * FROM `ehecd_menu` WHERE `parentid` = 8760 AND `status` = 1 AND `isshow` = 1 ORDER BY `listorder` ASC  [ RunTime:0.0002s ]
SQL: SELECT * FROM `ehecd_menu` WHERE `parentid` = 85 AND `status` = 1 AND `isshow` = 1 ORDER BY `listorder` ASC  [ RunTime:0.0002s ]
SQL: SELECT * FROM `ehecd_menu` WHERE `parentid` = 100 AND `status` = 1 AND `isshow` = 1 ORDER BY `listorder` ASC  [ RunTime:0.0002s ]
SQL: SELECT * FROM `ehecd_menu` ORDER BY `listorder` ASC  [ RunTime:0.0014s ]
INFO: [ view_parse ] --START--
INFO: [ template_filter ] --START--
INFO: Run Behavior\ContentReplaceBehavior [ RunTime:0.000082s ]
INFO: [ template_filter ] --END-- [ RunTime:0.000130s ]
NOTIC: [8] Undefined variable: upload_type C:\www\dzjk\data\runtime\Cache\Admin\fcb422bd236bc2f2ddc43c521af2f925.php 第 60 行.
INFO: Run Behavior\ParseTemplateBehavior [ RunTime:0.063211s ]
INFO: [ view_parse ] --END-- [ RunTime:0.063263s ]
INFO: [ view_filter ] --START--
INFO: Run Behavior\WriteHtmlCacheBehavior [ RunTime:0.000516s ]
INFO: Run Common\Behavior\TmplStripSpaceBehavior [ RunTime:0.000466s ]
INFO: [ view_filter ] --END-- [ RunTime:0.001042s ]
INFO: [ app_end ] --START--
INFO: Run Behavior\ShowPageTraceBehavior [ RunTime:0.000646s ]
INFO: [ app_end ] --END-- [ RunTime:0.000690s ]

[ 2018-08-30T14:17:37+08:00 ] 39.104.172.9 /index.php?g=admin&m=public&a=login
INFO: [ app_begin ] --START--
INFO: Run Behavior\ReadHtmlCacheBehavior [ RunTime:0.000680s ]
INFO: Run Behavior\CheckLangBehavior [ RunTime:0.010487s ]
INFO: [ app_begin ] --END-- [ RunTime:0.011597s ]
SQL: SHOW COLUMNS FROM `ehecd_menu` [ RunTime:0.0293s ]
NOTIC: [8] Undefined index: ADMIN_ID C:\www\dzjk\application\Common\Common\function.php 第 15 行.
SQL: SHOW COLUMNS FROM `ehecd_users` [ RunTime:0.0232s ]
SQL: SELECT `is_administrator` FROM `ehecd_users` WHERE `id` = null LIMIT 1   [ RunTime:0.0003s ]
SQL: SELECT * FROM `ehecd_menu` WHERE `parentid` = 0 AND `status` = 1 ORDER BY `listorder` ASC  [ RunTime:0.0007s ]
SQL: SHOW COLUMNS FROM `ehecd_auth_rule` [ RunTime:0.0234s ]
SQL: SELECT COUNT(*) AS tp_count FROM `ehecd_auth_rule` WHERE `name` = 'admin/help/index' AND `type` = 1 AND `status` = 1 LIMIT 1   [ RunTime:0.0003s ]
SQL: SELECT COUNT(*) AS tp_count FROM `ehecd_auth_rule` WHERE `name` = 'admin/duser/index' AND `type` = 1 AND `status` = 1 LIMIT 1   [ RunTime:0.0001s ]
SQL: SELECT COUNT(*) AS tp_count FROM `ehecd_auth_rule` WHERE `name` = 'admin/article/index' AND `type` = 1 AND `status` = 1 LIMIT 1   [ RunTime:0.0001s ]
SQL: SELECT COUNT(*) AS tp_count FROM `ehecd_auth_rule` WHERE `name` = 'admin/dynamic/index' AND `type` = 1 AND `status` = 1 LIMIT 1   [ RunTime:0.0001s ]
SQL: SELECT COUNT(*) AS tp_count FROM `ehecd_auth_rule` WHERE `name` = 'admin/adve/index' AND `type` = 1 AND `status` = 1 LIMIT 1   [ RunTime:0.0002s ]
SQL: SELECT COUNT(*) AS tp_count FROM `ehecd_auth_rule` WHERE `name` = 'admin/cont/index' AND `type` = 1 AND `status` = 1 LIMIT 1   [ RunTime:0.0002s ]
SQL: SELECT COUNT(*) AS tp_count FROM `ehecd_auth_rule` WHERE `name` = 'admin/doctor/default' AND `type` = 1 AND `status` = 1 LIMIT 1   [ RunTime:0.0002s ]
SQL: SELECT COUNT(*) AS tp_count FROM `ehecd_auth_rule` WHERE `name` = 'admin/darticle/index' AND `type` = 1 AND `status` = 1 LIMIT 1   [ RunTime:0.0002s ]
SQL: SELECT COUNT(*) AS tp_count FROM `ehecd_auth_rule` WHERE `name` = 'admin/member/index' AND `type` = 1 AND `status` = 1 LIMIT 1   [ RunTime:0.0002s ]
SQL: SELECT COUNT(*) AS tp_count FROM `ehecd_auth_rule` WHERE `name` = 'admin/setting/default' AND `type` = 1 AND `status` = 1 LIMIT 1   [ RunTime:0.0002s ]
SQL: SELECT COUNT(*) AS tp_count FROM `ehecd_auth_rule` WHERE `name` = 'admin/company/index' AND `type` = 1 AND `status` = 1 LIMIT 1   [ RunTime:0.0002s ]
SQL: SELECT COUNT(*) AS tp_count FROM `ehecd_auth_rule` WHERE `name` = 'admin/report/index' AND `type` = 1 AND `status` = 1 LIMIT 1   [ RunTime:0.0002s ]
SQL: SELECT COUNT(*) AS tp_count FROM `ehecd_auth_rule` WHERE `name` = 'admin/question/index' AND `type` = 1 AND `status` = 1 LIMIT 1   [ RunTime:0.0002s ]
SQL: SELECT COUNT(*) AS tp_count FROM `ehecd_auth_rule` WHERE `name` = 'admin/finance/default' AND `type` = 1 AND `status` = 1 LIMIT 1   [ RunTime:0.0002s ]
SQL: SELECT COUNT(*) AS tp_count FROM `ehecd_auth_rule` WHERE `name` = 'admin/menu/default' AND `type` = 1 AND `status` = 1 LIMIT 1   [ RunTime:0.0002s ]
INFO: [ view_parse ] --START--
INFO: [ template_filter ] --START--
INFO: Run Behavior\ContentReplaceBehavior [ RunTime:0.000078s ]
INFO: [ template_filter ] --END-- [ RunTime:0.000130s ]
INFO: Run Behavior\ParseTemplateBehavior [ RunTime:0.053641s ]
INFO: [ view_parse ] --END-- [ RunTime:0.053708s ]
INFO: [ view_filter ] --START--
INFO: Run Behavior\WriteHtmlCacheBehavior [ RunTime:0.000577s ]
INFO: Run Common\Behavior\TmplStripSpaceBehavior [ RunTime:0.000611s ]
INFO: [ view_filter ] --END-- [ RunTime:0.001274s ]
INFO: [ app_end ] --START--
INFO: Run Behavior\ShowPageTraceBehavior [ RunTime:0.000843s ]
INFO: [ app_end ] --END-- [ RunTime:0.000893s ]

